{"name":"checkoutAsCustomerTest","status":"skipped","statusDetails":{"known":false,"muted":false,"flaky":false,"message":"[23:59.934] Failed to execute 'IsAssert.displayed' for element 'Welcome Block(css='#nameofuser')' during '10' seconds. java.lang.AssertionError: \rExpected: is \"displayed\"\r\n     but: was \"hidden\"","trace":"java.lang.AssertionError: [23:59.934] Failed to execute 'IsAssert.displayed' for element 'Welcome Block(css='#nameofuser')' during '10' seconds. java.lang.AssertionError: \rExpected: is \"displayed\"\r\n     but: was \"hidden\"\r\n\tat com.epam.jdi.light.common.Exceptions.exception(Exceptions.java:27)\r\n\tat com.epam.jdi.light.actions.ActionHelper.actionFailed(ActionHelper.java:374)\r\n\tat com.epam.jdi.tools.func.JFunc2.execute(JFunc2.java:19)\r\n\tat com.epam.jdi.light.actions.ActionProcessor.jdiAround(ActionProcessor.java:54)\r\n\tat com.epam.jdi.light.asserts.generic.UIAssert.displayed(UIAssert.java:27)\r\n\tat ui.categories.CategoriesTest.login(CategoriesTest.java:29)\r\n\tat java.base/jdk.internal.reflect.NativeMethodAccessorImpl.invoke0(Native Method)\r\n\tat java.base/jdk.internal.reflect.NativeMethodAccessorImpl.invoke(NativeMethodAccessorImpl.java:62)\r\n\tat java.base/jdk.internal.reflect.DelegatingMethodAccessorImpl.invoke(DelegatingMethodAccessorImpl.java:43)\r\n\tat java.base/java.lang.reflect.Method.invoke(Method.java:566)\r\n\tat org.testng.internal.MethodInvocationHelper.invokeMethod(MethodInvocationHelper.java:134)\r\n\tat org.testng.internal.MethodInvocationHelper.invokeMethodConsideringTimeout(MethodInvocationHelper.java:63)\r\n\tat org.testng.internal.ConfigInvoker.invokeConfigurationMethod(ConfigInvoker.java:348)\r\n\tat org.testng.internal.ConfigInvoker.invokeConfigurations(ConfigInvoker.java:302)\r\n\tat org.testng.internal.TestMethodWorker.invokeBeforeClassMethods(TestMethodWorker.java:176)\r\n\tat org.testng.internal.TestMethodWorker.run(TestMethodWorker.java:122)\r\n\tat java.base/java.util.ArrayList.forEach(ArrayList.java:1541)\r\n\tat org.testng.TestRunner.privateRun(TestRunner.java:766)\r\n\tat org.testng.TestRunner.run(TestRunner.java:587)\r\n\tat org.testng.SuiteRunner.runTest(SuiteRunner.java:384)\r\n\tat org.testng.SuiteRunner.runSequentially(SuiteRunner.java:378)\r\n\tat org.testng.SuiteRunner.privateRun(SuiteRunner.java:337)\r\n\tat org.testng.SuiteRunner.run(SuiteRunner.java:286)\r\n\tat org.testng.SuiteRunnerWorker.runSuite(SuiteRunnerWorker.java:53)\r\n\tat org.testng.SuiteRunnerWorker.run(SuiteRunnerWorker.java:96)\r\n\tat org.testng.TestNG.runSuitesSequentially(TestNG.java:1187)\r\n\tat org.testng.TestNG.runSuitesLocally(TestNG.java:1109)\r\n\tat org.testng.TestNG.runSuites(TestNG.java:1039)\r\n\tat org.testng.TestNG.run(TestNG.java:1007)\r\n\tat org.gradle.api.internal.tasks.testing.testng.TestNGTestClassProcessor.runTests(TestNGTestClassProcessor.java:141)\r\n\tat org.gradle.api.internal.tasks.testing.testng.TestNGTestClassProcessor.stop(TestNGTestClassProcessor.java:90)\r\n\tat org.gradle.api.internal.tasks.testing.SuiteTestClassProcessor.stop(SuiteTestClassProcessor.java:61)\r\n\tat java.base/jdk.internal.reflect.NativeMethodAccessorImpl.invoke0(Native Method)\r\n\tat java.base/jdk.internal.reflect.NativeMethodAccessorImpl.invoke(NativeMethodAccessorImpl.java:62)\r\n\tat java.base/jdk.internal.reflect.DelegatingMethodAccessorImpl.invoke(DelegatingMethodAccessorImpl.java:43)\r\n\tat java.base/java.lang.reflect.Method.invoke(Method.java:566)\r\n\tat org.gradle.internal.dispatch.ReflectionDispatch.dispatch(ReflectionDispatch.java:36)\r\n\tat org.gradle.internal.dispatch.ReflectionDispatch.dispatch(ReflectionDispatch.java:24)\r\n\tat org.gradle.internal.dispatch.ContextClassLoaderDispatch.dispatch(ContextClassLoaderDispatch.java:33)\r\n\tat org.gradle.internal.dispatch.ProxyDispatchAdapter$DispatchingInvocationHandler.invoke(ProxyDispatchAdapter.java:94)\r\n\tat com.sun.proxy.$Proxy2.stop(Unknown Source)\r\n\tat org.gradle.api.internal.tasks.testing.worker.TestWorker.stop(TestWorker.java:135)\r\n\tat java.base/jdk.internal.reflect.NativeMethodAccessorImpl.invoke0(Native Method)\r\n\tat java.base/jdk.internal.reflect.NativeMethodAccessorImpl.invoke(NativeMethodAccessorImpl.java:62)\r\n\tat java.base/jdk.internal.reflect.DelegatingMethodAccessorImpl.invoke(DelegatingMethodAccessorImpl.java:43)\r\n\tat java.base/java.lang.reflect.Method.invoke(Method.java:566)\r\n\tat org.gradle.internal.dispatch.ReflectionDispatch.dispatch(ReflectionDispatch.java:36)\r\n\tat org.gradle.internal.dispatch.ReflectionDispatch.dispatch(ReflectionDispatch.java:24)\r\n\tat org.gradle.internal.remote.internal.hub.MessageHubBackedObjectConnection$DispatchWrapper.dispatch(MessageHubBackedObjectConnection.java:182)\r\n\tat org.gradle.internal.remote.internal.hub.MessageHubBackedObjectConnection$DispatchWrapper.dispatch(MessageHubBackedObjectConnection.java:164)\r\n\tat org.gradle.internal.remote.internal.hub.MessageHub$Handler.run(MessageHub.java:414)\r\n\tat org.gradle.internal.concurrent.ExecutorPolicy$CatchAndRecordFailures.onExecute(ExecutorPolicy.java:64)\r\n\tat org.gradle.internal.concurrent.ManagedExecutorImpl$1.run(ManagedExecutorImpl.java:48)\r\n\tat java.base/java.util.concurrent.ThreadPoolExecutor.runWorker(ThreadPoolExecutor.java:1128)\r\n\tat java.base/java.util.concurrent.ThreadPoolExecutor$Worker.run(ThreadPoolExecutor.java:628)\r\n\tat org.gradle.internal.concurrent.ThreadFactoryImpl$ManagedThreadRunnable.run(ThreadFactoryImpl.java:56)\r\n\tat java.base/java.lang.Thread.run(Thread.java:834)\r\nCaused by: java.lang.AssertionError: Failed to execute 'IsAssert.displayed' for element 'Welcome Block(css='#nameofuser')' during '10' seconds. java.lang.AssertionError: \r\nExpected: is \"displayed\"\r\n     but: was \"hidden\"\r\n\tat com.epam.jdi.light.common.Exceptions.exception(Exceptions.java:27)\r\n\tat com.epam.jdi.light.actions.ActionHelper.stableAction(ActionHelper.java:624)\r\n\tat com.epam.jdi.light.actions.ActionProcessor.jdiAround(ActionProcessor.java:47)\r\n\t... 53 more\r\nCaused by: java.lang.AssertionError: java.lang.AssertionError: \r\nExpected: is \"displayed\"\r\n     but: was \"hidden\"\r\n\tat com.epam.jdi.light.asserts.core.SoftAssert.jdiAssert(SoftAssert.java:49)\r\n\tat com.epam.jdi.light.asserts.generic.UIAssert.displayed_aroundBody2(UIAssert.java:28)\r\n\tat com.epam.jdi.light.asserts.generic.UIAssert$AjcClosure3.run(UIAssert.java:1)\r\n\tat org.aspectj.runtime.reflect.JoinPointImpl.proceed(JoinPointImpl.java:167)\r\n\tat com.epam.jdi.light.actions.ActionObject.execute(ActionObject.java:60)\r\n\tat com.epam.jdi.light.actions.ActionHelper.stableAction(ActionHelper.java:613)\r\n\t... 54 more\r\nCaused by: java.lang.AssertionError: \r\nExpected: is \"displayed\"\r\n     but: was \"hidden\"\r\n\tat org.hamcrest.MatcherAssert.assertThat(MatcherAssert.java:20)\r\n\tat org.hamcrest.MatcherAssert.assertThat(MatcherAssert.java:6)\r\n\tat com.epam.jdi.light.asserts.core.SoftAssert.jdiAssert(SoftAssert.java:43)\r\n\t... 59 more\r\n"},"stage":"finished","description":"-Log in\n-Go to main categories level page (category tab on left)\n-Now go to each sub-category level\n-Validate that main category level page contains all items from subcategories","steps":[],"attachments":[],"parameters":[],"start":1639405439964,"stop":1639405439964,"uuid":"09fdd8d0-66ce-4361-9439-35a80e7d136c","historyId":"e4e30923b499ffd03df05c8d66b3f4a6","fullName":"ui.categories.CategoriesTest.checkoutAsCustomerTest","labels":[{"name":"package","value":"ui.categories.CategoriesTest"},{"name":"testClass","value":"ui.categories.CategoriesTest"},{"name":"testMethod","value":"checkoutAsCustomerTest"},{"name":"parentSuite","value":"UI Tests"},{"name":"suite","value":"Categories tests"},{"name":"subSuite","value":"ui.categories.CategoriesTest"},{"name":"host","value":"sergii"},{"name":"thread","value":"27572@sergii.Test worker(14)"},{"name":"framework","value":"testng"},{"name":"language","value":"java"},{"name":"severity","value":"critical"}],"links":[]}