{"name":"checkoutAsCustomerTest","status":"broken","statusDetails":{"known":false,"muted":false,"flaky":false,"message":"[32:03.216] Failed to execute 'Button.click' for element 'Login Button' during '10' seconds. Search rules failed for element. Please check base().searchRules() for element or in global settings(JDISettings.ELEMENT.searchRule)","trace":"java.lang.RuntimeException: [32:03.216] Failed to execute 'Button.click' for element 'Login Button' during '10' seconds. Search rules failed for element. Please check base().searchRules() for element or in global settings(JDISettings.ELEMENT.searchRule)\r\n\tat com.epam.jdi.light.common.Exceptions.exception(Exceptions.java:31)\r\n\tat com.epam.jdi.light.actions.ActionHelper.actionFailed(ActionHelper.java:374)\r\n\tat com.epam.jdi.tools.func.JFunc2.execute(JFunc2.java:19)\r\n\tat com.epam.jdi.light.actions.ActionProcessor.jdiAround(ActionProcessor.java:54)\r\n\tat com.epam.jdi.light.elements.interfaces.base.HasClick.click(HasClick.java:11)\r\n\tat ui.sections.LoginDialog.loginAs(LoginDialog.java:29)\r\n\tat ui.categories.CheckoutTest.checkoutAsCustomerTest(CheckoutTest.java:41)\r\n\tat java.base/jdk.internal.reflect.NativeMethodAccessorImpl.invoke0(Native Method)\r\n\tat java.base/jdk.internal.reflect.NativeMethodAccessorImpl.invoke(NativeMethodAccessorImpl.java:62)\r\n\tat java.base/jdk.internal.reflect.DelegatingMethodAccessorImpl.invoke(DelegatingMethodAccessorImpl.java:43)\r\n\tat java.base/java.lang.reflect.Method.invoke(Method.java:566)\r\n\tat org.testng.internal.MethodInvocationHelper.invokeMethod(MethodInvocationHelper.java:134)\r\n\tat org.testng.internal.TestInvoker.invokeMethod(TestInvoker.java:597)\r\n\tat org.testng.internal.TestInvoker.invokeTestMethod(TestInvoker.java:173)\r\n\tat org.testng.internal.MethodRunner.runInSequence(MethodRunner.java:46)\r\n\tat org.testng.internal.TestInvoker$MethodInvocationAgent.invoke(TestInvoker.java:816)\r\n\tat org.testng.internal.TestInvoker.invokeTestMethods(TestInvoker.java:146)\r\n\tat org.testng.internal.TestMethodWorker.invokeTestMethods(TestMethodWorker.java:146)\r\n\tat org.testng.internal.TestMethodWorker.run(TestMethodWorker.java:128)\r\n\tat java.base/java.util.ArrayList.forEach(ArrayList.java:1541)\r\n\tat org.testng.TestRunner.privateRun(TestRunner.java:766)\r\n\tat org.testng.TestRunner.run(TestRunner.java:587)\r\n\tat org.testng.SuiteRunner.runTest(SuiteRunner.java:384)\r\n\tat org.testng.SuiteRunner.runSequentially(SuiteRunner.java:378)\r\n\tat org.testng.SuiteRunner.privateRun(SuiteRunner.java:337)\r\n\tat org.testng.SuiteRunner.run(SuiteRunner.java:286)\r\n\tat org.testng.SuiteRunnerWorker.runSuite(SuiteRunnerWorker.java:53)\r\n\tat org.testng.SuiteRunnerWorker.run(SuiteRunnerWorker.java:96)\r\n\tat org.testng.TestNG.runSuitesSequentially(TestNG.java:1187)\r\n\tat org.testng.TestNG.runSuitesLocally(TestNG.java:1109)\r\n\tat org.testng.TestNG.runSuites(TestNG.java:1039)\r\n\tat org.testng.TestNG.run(TestNG.java:1007)\r\n\tat org.gradle.api.internal.tasks.testing.testng.TestNGTestClassProcessor.runTests(TestNGTestClassProcessor.java:141)\r\n\tat org.gradle.api.internal.tasks.testing.testng.TestNGTestClassProcessor.stop(TestNGTestClassProcessor.java:90)\r\n\tat org.gradle.api.internal.tasks.testing.SuiteTestClassProcessor.stop(SuiteTestClassProcessor.java:61)\r\n\tat java.base/jdk.internal.reflect.NativeMethodAccessorImpl.invoke0(Native Method)\r\n\tat java.base/jdk.internal.reflect.NativeMethodAccessorImpl.invoke(NativeMethodAccessorImpl.java:62)\r\n\tat java.base/jdk.internal.reflect.DelegatingMethodAccessorImpl.invoke(DelegatingMethodAccessorImpl.java:43)\r\n\tat java.base/java.lang.reflect.Method.invoke(Method.java:566)\r\n\tat org.gradle.internal.dispatch.ReflectionDispatch.dispatch(ReflectionDispatch.java:36)\r\n\tat org.gradle.internal.dispatch.ReflectionDispatch.dispatch(ReflectionDispatch.java:24)\r\n\tat org.gradle.internal.dispatch.ContextClassLoaderDispatch.dispatch(ContextClassLoaderDispatch.java:33)\r\n\tat org.gradle.internal.dispatch.ProxyDispatchAdapter$DispatchingInvocationHandler.invoke(ProxyDispatchAdapter.java:94)\r\n\tat com.sun.proxy.$Proxy2.stop(Unknown Source)\r\n\tat org.gradle.api.internal.tasks.testing.worker.TestWorker.stop(TestWorker.java:135)\r\n\tat java.base/jdk.internal.reflect.NativeMethodAccessorImpl.invoke0(Native Method)\r\n\tat java.base/jdk.internal.reflect.NativeMethodAccessorImpl.invoke(NativeMethodAccessorImpl.java:62)\r\n\tat java.base/jdk.internal.reflect.DelegatingMethodAccessorImpl.invoke(DelegatingMethodAccessorImpl.java:43)\r\n\tat java.base/java.lang.reflect.Method.invoke(Method.java:566)\r\n\tat org.gradle.internal.dispatch.ReflectionDispatch.dispatch(ReflectionDispatch.java:36)\r\n\tat org.gradle.internal.dispatch.ReflectionDispatch.dispatch(ReflectionDispatch.java:24)\r\n\tat org.gradle.internal.remote.internal.hub.MessageHubBackedObjectConnection$DispatchWrapper.dispatch(MessageHubBackedObjectConnection.java:182)\r\n\tat org.gradle.internal.remote.internal.hub.MessageHubBackedObjectConnection$DispatchWrapper.dispatch(MessageHubBackedObjectConnection.java:164)\r\n\tat org.gradle.internal.remote.internal.hub.MessageHub$Handler.run(MessageHub.java:414)\r\n\tat org.gradle.internal.concurrent.ExecutorPolicy$CatchAndRecordFailures.onExecute(ExecutorPolicy.java:64)\r\n\tat org.gradle.internal.concurrent.ManagedExecutorImpl$1.run(ManagedExecutorImpl.java:48)\r\n\tat java.base/java.util.concurrent.ThreadPoolExecutor.runWorker(ThreadPoolExecutor.java:1128)\r\n\tat java.base/java.util.concurrent.ThreadPoolExecutor$Worker.run(ThreadPoolExecutor.java:628)\r\n\tat org.gradle.internal.concurrent.ThreadFactoryImpl$ManagedThreadRunnable.run(ThreadFactoryImpl.java:56)\r\n\tat java.base/java.lang.Thread.run(Thread.java:834)\r\nCaused by: java.lang.RuntimeException: Failed to execute 'Button.click' for element 'Login Button' during '10' seconds. Search rules failed for element. Please check base().searchRules() for element or in global settings(JDISettings.ELEMENT.searchRule)\r\n\tat com.epam.jdi.light.common.Exceptions.exception(Exceptions.java:31)\r\n\tat com.epam.jdi.light.actions.ActionHelper.stableAction(ActionHelper.java:624)\r\n\tat com.epam.jdi.light.actions.ActionProcessor.jdiAround(ActionProcessor.java:47)\r\n\t... 56 more\r\nCaused by: java.lang.RuntimeException: Search rules failed for element. Please check base().searchRules() for element or in global settings(JDISettings.ELEMENT.searchRule)\r\n\tat com.epam.jdi.light.common.Exceptions.exception(Exceptions.java:31)\r\n\tat com.epam.jdi.light.actions.ActionHelper.actionFailed(ActionHelper.java:374)\r\n\tat com.epam.jdi.tools.func.JFunc2.execute(JFunc2.java:19)\r\n\tat com.epam.jdi.light.actions.ActionProcessor.jdiAround(ActionProcessor.java:54)\r\n\tat com.epam.jdi.light.elements.common.UIElement.click(UIElement.java:125)\r\n\tat com.epam.jdi.light.elements.interfaces.base.HasClick.click_aroundBody0(HasClick.java:11)\r\n\tat com.epam.jdi.light.elements.interfaces.base.HasClick$AjcClosure1.run(HasClick.java:1)\r\n\tat org.aspectj.runtime.reflect.JoinPointImpl.proceed(JoinPointImpl.java:167)\r\n\tat com.epam.jdi.light.actions.ActionObject.execute(ActionObject.java:60)\r\n\tat com.epam.jdi.light.actions.ActionHelper.stableAction(ActionHelper.java:613)\r\n\t... 57 more\r\nCaused by: java.lang.RuntimeException: Search rules failed for element. Please check base().searchRules() for element or in global settings(JDISettings.ELEMENT.searchRule)\r\n\tat com.epam.jdi.light.common.Exceptions.exception(Exceptions.java:31)\r\n\tat com.epam.jdi.light.actions.ActionHelper.actionFailed(ActionHelper.java:374)\r\n\tat com.epam.jdi.tools.func.JFunc2.execute(JFunc2.java:19)\r\n\tat com.epam.jdi.light.actions.ActionProcessor.jdiAround(ActionProcessor.java:54)\r\n\tat com.epam.jdi.light.elements.common.UIElement.click_aroundBody2(UIElement.java:126)\r\n\tat com.epam.jdi.light.elements.common.UIElement$AjcClosure3.run(UIElement.java:1)\r\n\tat org.aspectj.runtime.reflect.JoinPointImpl.proceed(JoinPointImpl.java:167)\r\n\tat com.epam.jdi.light.actions.ActionObject.execute(ActionObject.java:60)\r\n\tat com.epam.jdi.light.actions.ActionHelper.defaultAction(ActionHelper.java:601)\r\n\tat com.epam.jdi.light.actions.ActionProcessor.jdiAround(ActionProcessor.java:48)\r\n\t... 63 more\r\nCaused by: java.lang.RuntimeException: Search rules failed for element. Please check base().searchRules() for element or in global settings(JDISettings.ELEMENT.searchRule)\r\n\tat com.epam.jdi.light.common.Exceptions.exception(Exceptions.java:31)\r\n\tat com.epam.jdi.light.actions.ActionHelper.actionFailed(ActionHelper.java:374)\r\n\tat com.epam.jdi.tools.func.JFunc2.execute(JFunc2.java:19)\r\n\tat com.epam.jdi.light.actions.ActionProcessor.jdiAround(ActionProcessor.java:54)\r\n\tat com.epam.jdi.light.elements.common.UIElement.click(UIElement.java:323)\r\n\tat com.epam.jdi.light.elements.common.UIElement.click_aroundBody0(UIElement.java:126)\r\n\tat com.epam.jdi.light.elements.common.UIElement$AjcClosure1.run(UIElement.java:1)\r\n\tat org.aspectj.runtime.reflect.JoinPointImpl.proceed(JoinPointImpl.java:167)\r\n\tat com.epam.jdi.light.actions.ActionObject.execute(ActionObject.java:60)\r\n\tat com.epam.jdi.light.actions.ActionHelper.defaultAction(ActionHelper.java:601)\r\n\tat com.epam.jdi.light.actions.ActionProcessor.jdiAround(ActionProcessor.java:48)\r\n\t... 69 more\r\nCaused by: java.lang.RuntimeException: \r\n\r\njava.lang.RuntimeException: java.lang.RuntimeException: \r\nSearch rules failed for element. Please check base().searchRules() for element or in global settings(JDISettings.ELEMENT.searchRule)\r\n\tat com.epam.jdi.light.common.Exceptions.exception(Exceptions.java:16)\r\n\tat com.epam.jdi.light.actions.ActionProcessor.debugAround(ActionProcessor.java:72)\r\n\tat com.epam.jdi.light.elements.base.JDIBase.get(JDIBase.java:239)\r\n\tat com.epam.jdi.light.elements.common.UIElement.click_aroundBody88(UIElement.java:344)\r\n\tat com.epam.jdi.light.elements.common.UIElement$AjcClosure89.run(UIElement.java:1)\r\n\tat org.aspectj.runtime.reflect.JoinPointImpl.proceed(JoinPointImpl.java:167)\r\n\tat com.epam.jdi.light.actions.ActionObject.execute(ActionObject.java:60)\r\n\tat com.epam.jdi.light.actions.ActionHelper.defaultAction(ActionHelper.java:601)\r\n\tat com.epam.jdi.light.actions.ActionProcessor.jdiAround(ActionProcessor.java:48)\r\n\t... 76 more\r\n"},"stage":"finished","description":"-Log in\n-Go to Phones\n-Click on Any phone\n-Add to cart\n-Go to another phone and add it to cart\n-Go to cart and remove one item\n-Place order and populate modal","steps":[{"name":"Open 'Home Page'(url=https://www.demoblaze.com/)","status":"passed","stage":"finished","steps":[{"name":"Open 'Home Page'(url=https://www.demoblaze.com/)","status":"passed","stage":"finished","steps":[],"attachments":[],"parameters":[],"start":1639405912288,"stop":1639405912411}],"attachments":[{"name":"Details","source":"eb3ced08-5e91-43b8-9bea-ce2e6fb824db-attachment.html","type":"text/plain"}],"parameters":[],"start":1639405912283,"stop":1639405912411},{"name":"Click on 'Login Button'","stage":"running","steps":[{"name":"Click on 'Login Button'","stage":"finished","steps":[{"name":"Check that 'Login Button' is disabled","status":"passed","stage":"finished","steps":[],"attachments":[{"name":"Actual result","source":"7012f7a2-3e64-4336-ae02-46928632b372-attachment.html","type":"text/plain"}],"parameters":[],"start":1639405912416,"stop":1639405912612}],"attachments":[],"parameters":[],"start":1639405912415,"stop":1639405912671},{"name":"Failure details","stage":"finished","steps":[],"attachments":[{"name":"Screenshot","source":"1f230007-ef2c-4314-8eb5-a5ecf3fe6ebc-attachment"}],"parameters":[],"start":1639405923207,"stop":1639405923210}],"attachments":[{"name":"Details","source":"5a3af13f-3aea-4c07-b0d6-40a3dbd16547-attachment.html","type":"text/plain"}],"parameters":[],"start":1639405912411}],"attachments":[],"parameters":[],"start":1639405912245,"stop":1639405923219,"uuid":"2d6c1783-ce5a-4e8a-9f70-770a40b2e49e","historyId":"6863a07bbfed635d9be42b7b01753e25","fullName":"ui.categories.CheckoutTest.checkoutAsCustomerTest","labels":[{"name":"package","value":"ui.categories.CheckoutTest"},{"name":"testClass","value":"ui.categories.CheckoutTest"},{"name":"testMethod","value":"checkoutAsCustomerTest"},{"name":"parentSuite","value":"UI Tests"},{"name":"suite","value":"Categories tests"},{"name":"subSuite","value":"ui.categories.CheckoutTest"},{"name":"host","value":"sergii"},{"name":"thread","value":"29144@sergii.Test worker(14)"},{"name":"framework","value":"testng"},{"name":"language","value":"java"},{"name":"severity","value":"critical"}],"links":[]}