{"name":"loginTest","status":"broken","statusDetails":{"known":false,"muted":false,"flaky":false,"message":"[32:51.487] Failed to execute 'UIElement.getText' for element 'Welcome Block' during '10' seconds. Search rules failed for element. Please check base().searchRules() for element or in global settings(JDISettings.ELEMENT.searchRule)","trace":"java.lang.RuntimeException: [32:51.487] Failed to execute 'UIElement.getText' for element 'Welcome Block' during '10' seconds. Search rules failed for element. Please check base().searchRules() for element or in global settings(JDISettings.ELEMENT.searchRule)\r\n\tat com.epam.jdi.light.common.Exceptions.exception(Exceptions.java:31)\r\n\tat com.epam.jdi.light.actions.ActionHelper.actionFailed(ActionHelper.java:374)\r\n\tat com.epam.jdi.tools.func.JFunc2.execute(JFunc2.java:19)\r\n\tat com.epam.jdi.light.actions.ActionProcessor.jdiAround(ActionProcessor.java:54)\r\n\tat com.epam.jdi.light.elements.common.UIElement.getText(UIElement.java:188)\r\n\tat ui.account.LoginTest.loginTest(LoginTest.java:60)\r\n\tat java.base/jdk.internal.reflect.NativeMethodAccessorImpl.invoke0(Native Method)\r\n\tat java.base/jdk.internal.reflect.NativeMethodAccessorImpl.invoke(NativeMethodAccessorImpl.java:62)\r\n\tat java.base/jdk.internal.reflect.DelegatingMethodAccessorImpl.invoke(DelegatingMethodAccessorImpl.java:43)\r\n\tat java.base/java.lang.reflect.Method.invoke(Method.java:566)\r\n\tat org.testng.internal.MethodInvocationHelper.invokeMethod(MethodInvocationHelper.java:134)\r\n\tat org.testng.internal.TestInvoker.invokeMethod(TestInvoker.java:597)\r\n\tat org.testng.internal.TestInvoker.invokeTestMethod(TestInvoker.java:173)\r\n\tat org.testng.internal.MethodRunner.runInSequence(MethodRunner.java:46)\r\n\tat org.testng.internal.TestInvoker$MethodInvocationAgent.invoke(TestInvoker.java:816)\r\n\tat org.testng.internal.TestInvoker.invokeTestMethods(TestInvoker.java:146)\r\n\tat org.testng.internal.TestMethodWorker.invokeTestMethods(TestMethodWorker.java:146)\r\n\tat org.testng.internal.TestMethodWorker.run(TestMethodWorker.java:128)\r\n\tat java.base/java.util.ArrayList.forEach(ArrayList.java:1541)\r\n\tat org.testng.TestRunner.privateRun(TestRunner.java:766)\r\n\tat org.testng.TestRunner.run(TestRunner.java:587)\r\n\tat org.testng.SuiteRunner.runTest(SuiteRunner.java:384)\r\n\tat org.testng.SuiteRunner.runSequentially(SuiteRunner.java:378)\r\n\tat org.testng.SuiteRunner.privateRun(SuiteRunner.java:337)\r\n\tat org.testng.SuiteRunner.run(SuiteRunner.java:286)\r\n\tat org.testng.SuiteRunnerWorker.runSuite(SuiteRunnerWorker.java:53)\r\n\tat org.testng.SuiteRunnerWorker.run(SuiteRunnerWorker.java:96)\r\n\tat org.testng.TestNG.runSuitesSequentially(TestNG.java:1187)\r\n\tat org.testng.TestNG.runSuitesLocally(TestNG.java:1109)\r\n\tat org.testng.TestNG.runSuites(TestNG.java:1039)\r\n\tat org.testng.TestNG.run(TestNG.java:1007)\r\n\tat org.gradle.api.internal.tasks.testing.testng.TestNGTestClassProcessor.runTests(TestNGTestClassProcessor.java:141)\r\n\tat org.gradle.api.internal.tasks.testing.testng.TestNGTestClassProcessor.stop(TestNGTestClassProcessor.java:90)\r\n\tat org.gradle.api.internal.tasks.testing.SuiteTestClassProcessor.stop(SuiteTestClassProcessor.java:61)\r\n\tat java.base/jdk.internal.reflect.NativeMethodAccessorImpl.invoke0(Native Method)\r\n\tat java.base/jdk.internal.reflect.NativeMethodAccessorImpl.invoke(NativeMethodAccessorImpl.java:62)\r\n\tat java.base/jdk.internal.reflect.DelegatingMethodAccessorImpl.invoke(DelegatingMethodAccessorImpl.java:43)\r\n\tat java.base/java.lang.reflect.Method.invoke(Method.java:566)\r\n\tat org.gradle.internal.dispatch.ReflectionDispatch.dispatch(ReflectionDispatch.java:36)\r\n\tat org.gradle.internal.dispatch.ReflectionDispatch.dispatch(ReflectionDispatch.java:24)\r\n\tat org.gradle.internal.dispatch.ContextClassLoaderDispatch.dispatch(ContextClassLoaderDispatch.java:33)\r\n\tat org.gradle.internal.dispatch.ProxyDispatchAdapter$DispatchingInvocationHandler.invoke(ProxyDispatchAdapter.java:94)\r\n\tat com.sun.proxy.$Proxy2.stop(Unknown Source)\r\n\tat org.gradle.api.internal.tasks.testing.worker.TestWorker.stop(TestWorker.java:135)\r\n\tat java.base/jdk.internal.reflect.NativeMethodAccessorImpl.invoke0(Native Method)\r\n\tat java.base/jdk.internal.reflect.NativeMethodAccessorImpl.invoke(NativeMethodAccessorImpl.java:62)\r\n\tat java.base/jdk.internal.reflect.DelegatingMethodAccessorImpl.invoke(DelegatingMethodAccessorImpl.java:43)\r\n\tat java.base/java.lang.reflect.Method.invoke(Method.java:566)\r\n\tat org.gradle.internal.dispatch.ReflectionDispatch.dispatch(ReflectionDispatch.java:36)\r\n\tat org.gradle.internal.dispatch.ReflectionDispatch.dispatch(ReflectionDispatch.java:24)\r\n\tat org.gradle.internal.remote.internal.hub.MessageHubBackedObjectConnection$DispatchWrapper.dispatch(MessageHubBackedObjectConnection.java:182)\r\n\tat org.gradle.internal.remote.internal.hub.MessageHubBackedObjectConnection$DispatchWrapper.dispatch(MessageHubBackedObjectConnection.java:164)\r\n\tat org.gradle.internal.remote.internal.hub.MessageHub$Handler.run(MessageHub.java:414)\r\n\tat org.gradle.internal.concurrent.ExecutorPolicy$CatchAndRecordFailures.onExecute(ExecutorPolicy.java:64)\r\n\tat org.gradle.internal.concurrent.ManagedExecutorImpl$1.run(ManagedExecutorImpl.java:48)\r\n\tat java.base/java.util.concurrent.ThreadPoolExecutor.runWorker(ThreadPoolExecutor.java:1128)\r\n\tat java.base/java.util.concurrent.ThreadPoolExecutor$Worker.run(ThreadPoolExecutor.java:628)\r\n\tat org.gradle.internal.concurrent.ThreadFactoryImpl$ManagedThreadRunnable.run(ThreadFactoryImpl.java:56)\r\n\tat java.base/java.lang.Thread.run(Thread.java:834)\r\nCaused by: java.lang.RuntimeException: Failed to execute 'UIElement.getText' for element 'Welcome Block' during '10' seconds. Search rules failed for element. Please check base().searchRules() for element or in global settings(JDISettings.ELEMENT.searchRule)\r\n\tat com.epam.jdi.light.common.Exceptions.exception(Exceptions.java:31)\r\n\tat com.epam.jdi.light.actions.ActionHelper.stableAction(ActionHelper.java:624)\r\n\tat com.epam.jdi.light.actions.ActionProcessor.jdiAround(ActionProcessor.java:47)\r\n\t... 55 more\r\nCaused by: java.lang.RuntimeException: Search rules failed for element. Please check base().searchRules() for element or in global settings(JDISettings.ELEMENT.searchRule)\r\n\tat com.epam.jdi.light.common.Exceptions.exception(Exceptions.java:31)\r\n\tat com.epam.jdi.light.actions.ActionHelper.actionFailed(ActionHelper.java:374)\r\n\tat com.epam.jdi.tools.func.JFunc2.execute(JFunc2.java:19)\r\n\tat com.epam.jdi.light.actions.ActionProcessor.jdiAround(ActionProcessor.java:54)\r\n\tat com.epam.jdi.light.elements.common.UIElement.getText_aroundBody20(UIElement.java:189)\r\n\tat com.epam.jdi.light.elements.common.UIElement$AjcClosure21.run(UIElement.java:1)\r\n\tat org.aspectj.runtime.reflect.JoinPointImpl.proceed(JoinPointImpl.java:167)\r\n\tat com.epam.jdi.light.actions.ActionObject.execute(ActionObject.java:60)\r\n\tat com.epam.jdi.light.actions.ActionHelper.stableAction(ActionHelper.java:613)\r\n\t... 56 more\r\nCaused by: java.lang.RuntimeException: Search rules failed for element. Please check base().searchRules() for element or in global settings(JDISettings.ELEMENT.searchRule)\r\n\tat com.epam.jdi.light.common.Exceptions.exception(Exceptions.java:31)\r\n\tat com.epam.jdi.light.actions.ActionHelper.actionFailed(ActionHelper.java:374)\r\n\tat com.epam.jdi.tools.func.JFunc2.execute(JFunc2.java:19)\r\n\tat com.epam.jdi.light.actions.ActionProcessor.jdiAround(ActionProcessor.java:54)\r\n\tat com.epam.jdi.light.elements.common.UIElement.text(UIElement.java:702)\r\n\tat com.epam.jdi.light.elements.common.UIElement.text_aroundBody18(UIElement.java:189)\r\n\tat com.epam.jdi.light.elements.common.UIElement$AjcClosure19.run(UIElement.java:1)\r\n\tat org.aspectj.runtime.reflect.JoinPointImpl.proceed(JoinPointImpl.java:167)\r\n\tat com.epam.jdi.light.actions.ActionObject.execute(ActionObject.java:60)\r\n\tat com.epam.jdi.light.actions.ActionHelper.defaultAction(ActionHelper.java:601)\r\n\tat com.epam.jdi.light.actions.ActionProcessor.jdiAround(ActionProcessor.java:48)\r\n\t... 61 more\r\nCaused by: java.lang.RuntimeException: java.lang.RuntimeException: java.lang.RuntimeException: java.lang.RuntimeException: Search rules failed for element. Please check base().searchRules() for element or in global settings(JDISettings.ELEMENT.searchRule)\r\n\tat com.epam.jdi.tools.Timer.throwException(Timer.java:114)\r\n\tat com.epam.jdi.tools.Timer.getResultByCondition(Timer.java:158)\r\n\tat com.epam.jdi.tools.Timer.getResult(Timer.java:144)\r\n\tat com.epam.jdi.light.elements.common.UIElement.text_aroundBody208(UIElement.java:703)\r\n\tat com.epam.jdi.light.elements.common.UIElement$AjcClosure209.run(UIElement.java:1)\r\n\tat org.aspectj.runtime.reflect.JoinPointImpl.proceed(JoinPointImpl.java:167)\r\n\tat com.epam.jdi.light.actions.ActionObject.execute(ActionObject.java:60)\r\n\tat com.epam.jdi.light.actions.ActionHelper.defaultAction(ActionHelper.java:601)\r\n\tat com.epam.jdi.light.actions.ActionProcessor.jdiAround(ActionProcessor.java:48)\r\n\t... 68 more\r\n"},"stage":"finished","description":"-Go to https://www.demoblaze.com/\n-Sign Up as a new user\n-Validate if you try signup with same user modal will appear\n-Log in\n-Log out\n-Try logging in with invalid user","steps":[{"name":"Open 'Home Page'(url=https://www.demoblaze.com/)","status":"passed","stage":"finished","steps":[],"attachments":[],"parameters":[],"start":1639405954696,"stop":1639405954965},{"name":"Assert that 'Sign Up Button' is displayed","status":"passed","stage":"finished","steps":[{"name":"Check that 'Sign Up Button' is displayed","status":"passed","stage":"finished","steps":[],"attachments":[],"parameters":[],"start":1639405954998,"stop":1639405955072}],"attachments":[{"name":"Details","source":"0260976d-4877-40da-b974-d7613c5d3b03-attachment.html","type":"text/plain"}],"parameters":[],"start":1639405954989,"stop":1639405955075},{"name":"Click on 'Sign Up Button'","status":"passed","stage":"finished","steps":[{"name":"Click on 'Sign Up Button'","status":"passed","stage":"finished","steps":[{"name":"Check that 'Sign Up Button' is disabled","status":"passed","stage":"finished","steps":[],"attachments":[{"name":"Actual result","source":"cbc8dd69-7707-45e9-8a4b-c9f848850dd8-attachment.html","type":"text/plain"}],"parameters":[],"start":1639405955090,"stop":1639405955312}],"attachments":[],"parameters":[],"start":1639405955083,"stop":1639405955449}],"attachments":[{"name":"Details","source":"18b54b06-f3c7-41eb-b487-0939c587f2cd-attachment.html","type":"text/plain"}],"parameters":[],"start":1639405955075,"stop":1639405955450},{"name":"Input 'qa test20150' in 'Username Field'","status":"passed","stage":"finished","steps":[],"attachments":[{"name":"Details","source":"1a470f21-11bb-4ecb-b874-9ddced2c6c8d-attachment.html","type":"text/plain"}],"parameters":[],"start":1639405955455,"stop":1639405955877},{"name":"Input 'password123' in 'Username Password'","status":"passed","stage":"finished","steps":[],"attachments":[{"name":"Details","source":"e0767fcc-b630-4ffc-839c-f94e33168ad2-attachment.html","type":"text/plain"}],"parameters":[],"start":1639405955878,"stop":1639405956011},{"name":"Click on 'Sign Up Button'","status":"passed","stage":"finished","steps":[{"name":"Click on 'Sign Up Button'","status":"passed","stage":"finished","steps":[{"name":"Check that 'Sign Up Button' is disabled","status":"passed","stage":"finished","steps":[],"attachments":[{"name":"Actual result","source":"2d627216-aca9-4d68-9203-23c62ec099d4-attachment.html","type":"text/plain"}],"parameters":[],"start":1639405956024,"stop":1639405956255}],"attachments":[],"parameters":[],"start":1639405956019,"stop":1639405956348}],"attachments":[{"name":"Details","source":"961961a3-8283-4cdd-a273-e02035f25988-attachment.html","type":"text/plain"}],"parameters":[],"start":1639405956012,"stop":1639405956349},{"name":"Assert equals (expected: Sign up successful., actual: Sign up successful.)","status":"passed","stage":"finished","steps":[],"attachments":[],"parameters":[],"start":1639405956897,"stop":1639405956897},{"name":"Click on 'Sign Up Button'","status":"passed","stage":"finished","steps":[{"name":"Check that 'Sign Up Button' is disabled","status":"passed","stage":"finished","steps":[],"attachments":[{"name":"Actual result","source":"10650851-cfaa-4fa7-9822-85515179f974-attachment.html","type":"text/plain"}],"parameters":[],"start":1639405956926,"stop":1639405957114}],"attachments":[],"parameters":[],"start":1639405956923,"stop":1639405957210},{"name":"Assert that 'Sign Up Button' is displayed","status":"passed","stage":"finished","steps":[{"name":"Check that 'Sign Up Button' is displayed","status":"passed","stage":"finished","steps":[],"attachments":[],"parameters":[],"start":1639405957217,"stop":1639405957276}],"attachments":[{"name":"Details","source":"a65196f3-f8d2-40a8-b7b6-2f532bf665f1-attachment.html","type":"text/plain"}],"parameters":[],"start":1639405957211,"stop":1639405957540},{"name":"Input 'qa test20150' in 'Username Field'","status":"passed","stage":"finished","steps":[],"attachments":[{"name":"Details","source":"92caf94d-44c9-4b84-a6c5-c1e38ce54326-attachment.html","type":"text/plain"}],"parameters":[],"start":1639405957635,"stop":1639405957745},{"name":"Input 'password123' in 'Username Password'","status":"passed","stage":"finished","steps":[],"attachments":[{"name":"Details","source":"f044d9bd-f7dc-4787-9885-1a3f09771282-attachment.html","type":"text/plain"}],"parameters":[],"start":1639405957821,"stop":1639405957923},{"name":"Click on 'Sign Up Button'","status":"passed","stage":"finished","steps":[{"name":"Click on 'Sign Up Button'","status":"passed","stage":"finished","steps":[{"name":"Check that 'Sign Up Button' is disabled","status":"passed","stage":"finished","steps":[],"attachments":[{"name":"Actual result","source":"7b55673b-e4c1-4f81-bfab-bf2adf624934-attachment.html","type":"text/plain"}],"parameters":[],"start":1639405957944,"stop":1639405958156}],"attachments":[],"parameters":[],"start":1639405957931,"stop":1639405958234}],"attachments":[{"name":"Details","source":"580b6ff9-0cd9-404b-8da9-4e55bd2fa6d3-attachment.html","type":"text/plain"}],"parameters":[],"start":1639405957924,"stop":1639405958234},{"name":"Assert equals (expected: This user already exist., actual: This user already exist.)","status":"passed","stage":"finished","steps":[],"attachments":[],"parameters":[],"start":1639405958747,"stop":1639405958747},{"name":"Click on 'Close Button'","status":"passed","stage":"finished","steps":[{"name":"Click on 'Close Button'","status":"passed","stage":"finished","steps":[{"name":"Check that 'Close Button' is disabled","status":"passed","stage":"finished","steps":[],"attachments":[{"name":"Actual result","source":"15fb431d-e39c-45a6-a111-84a9682c425d-attachment.html","type":"text/plain"}],"parameters":[],"start":1639405958770,"stop":1639405958995}],"attachments":[],"parameters":[],"start":1639405958766,"stop":1639405959083}],"attachments":[{"name":"Details","source":"28fc97f6-fed2-4dcc-b5d1-911d73e5646f-attachment.html","type":"text/plain"}],"parameters":[],"start":1639405958760,"stop":1639405959083},{"name":"Click on 'Login Button'","status":"passed","stage":"finished","steps":[{"name":"Click on 'Login Button'","status":"passed","stage":"finished","steps":[{"name":"Check that 'Login Button' is disabled","status":"passed","stage":"finished","steps":[],"attachments":[{"name":"Actual result","source":"d89d44cb-179d-462c-985d-cb8df37d0008-attachment.html","type":"text/plain"}],"parameters":[],"start":1639405959097,"stop":1639405959328}],"attachments":[],"parameters":[],"start":1639405959095,"stop":1639405959462}],"attachments":[{"name":"Details","source":"020b7c5c-937c-439a-ba40-99b5947f32bc-attachment.html","type":"text/plain"}],"parameters":[],"start":1639405959085,"stop":1639405959462},{"name":"Input 'qa test20150' in 'Username Field'","status":"passed","stage":"finished","steps":[],"attachments":[{"name":"Details","source":"685be7d9-49c1-4737-8240-fab83a27b95b-attachment.html","type":"text/plain"}],"parameters":[],"start":1639405959464,"stop":1639405959917},{"name":"Input 'password123' in 'Username Password'","status":"passed","stage":"finished","steps":[],"attachments":[{"name":"Details","source":"d3f1a241-3dba-4ff9-a652-5e31df302179-attachment.html","type":"text/plain"}],"parameters":[],"start":1639405959918,"stop":1639405960104},{"name":"Click on 'Login Button'","status":"passed","stage":"finished","steps":[{"name":"Click on 'Login Button'","status":"passed","stage":"finished","steps":[{"name":"Check that 'Login Button' is disabled","status":"passed","stage":"finished","steps":[],"attachments":[{"name":"Actual result","source":"357dbc0e-7336-47c0-9067-33e7490fe5e3-attachment.html","type":"text/plain"}],"parameters":[],"start":1639405960117,"stop":1639405960409}],"attachments":[],"parameters":[],"start":1639405960113,"stop":1639405960550}],"attachments":[{"name":"Details","source":"8a6492b1-544c-4164-91f3-7e5c2639e4df-attachment.html","type":"text/plain"}],"parameters":[],"start":1639405960107,"stop":1639405960550},{"name":"Get 'Welcome Block' text","stage":"running","steps":[{"name":"Get 'Welcome Block' text","stage":"finished","steps":[],"attachments":[],"parameters":[],"start":1639405960561,"stop":1639405970762},{"name":"Failure details","stage":"finished","steps":[],"attachments":[{"name":"Screenshot","source":"f2717282-0824-46f7-b720-f9a3a726cf8b-attachment"}],"parameters":[],"start":1639405971481,"stop":1639405971482}],"attachments":[{"name":"Details","source":"435fbbb6-cfa3-49ce-8229-7a04856a5109-attachment.html","type":"text/plain"}],"parameters":[],"start":1639405960551}],"attachments":[],"parameters":[],"start":1639405954690,"stop":1639405971492,"uuid":"58ed04a7-08dc-41ec-acbc-65233e4e73ea","historyId":"ef1f79068718d2d9747aecaa97fc3883","fullName":"ui.account.LoginTest.loginTest","labels":[{"name":"package","value":"ui.account.LoginTest"},{"name":"testClass","value":"ui.account.LoginTest"},{"name":"testMethod","value":"loginTest"},{"name":"parentSuite","value":"UI Tests"},{"name":"suite","value":"Account tests"},{"name":"subSuite","value":"ui.account.LoginTest"},{"name":"host","value":"sergii"},{"name":"thread","value":"27700@sergii.Test worker(14)"},{"name":"framework","value":"testng"},{"name":"language","value":"java"},{"name":"story","value":"Sign up and login flow"},{"name":"severity","value":"critical"}],"links":[]}