{"uuid":"e56d0b6b-b8e5-408f-8ebb-409ca4877f12","name":"ui.categories.CategoriesTest","children":["34c8583d-9b0b-4169-b051-2650d88f6368","09fdd8d0-66ce-4361-9439-35a80e7d136c","58d50f0f-fa81-4fd6-a912-7d07fb8a0ec8"],"befores":[{"name":"login","status":"failed","statusDetails":{"known":false,"muted":false,"flaky":false,"message":"[23:59.934] Failed to execute 'IsAssert.displayed' for element 'Welcome Block(css='#nameofuser')' during '10' seconds. java.lang.AssertionError: \rExpected: is \"displayed\"\r\n     but: was \"hidden\"","trace":"java.lang.AssertionError: [23:59.934] Failed to execute 'IsAssert.displayed' for element 'Welcome Block(css='#nameofuser')' during '10' seconds. java.lang.AssertionError: \rExpected: is \"displayed\"\r\n     but: was \"hidden\"\r\n\tat com.epam.jdi.light.common.Exceptions.exception(Exceptions.java:27)\r\n\tat com.epam.jdi.light.actions.ActionHelper.actionFailed(ActionHelper.java:374)\r\n\tat com.epam.jdi.tools.func.JFunc2.execute(JFunc2.java:19)\r\n\tat com.epam.jdi.light.actions.ActionProcessor.jdiAround(ActionProcessor.java:54)\r\n\tat com.epam.jdi.light.asserts.generic.UIAssert.displayed(UIAssert.java:27)\r\n\tat ui.categories.CategoriesTest.login(CategoriesTest.java:29)\r\n\tat java.base/jdk.internal.reflect.NativeMethodAccessorImpl.invoke0(Native Method)\r\n\tat java.base/jdk.internal.reflect.NativeMethodAccessorImpl.invoke(NativeMethodAccessorImpl.java:62)\r\n\tat java.base/jdk.internal.reflect.DelegatingMethodAccessorImpl.invoke(DelegatingMethodAccessorImpl.java:43)\r\n\tat java.base/java.lang.reflect.Method.invoke(Method.java:566)\r\n\tat org.testng.internal.MethodInvocationHelper.invokeMethod(MethodInvocationHelper.java:134)\r\n\tat org.testng.internal.MethodInvocationHelper.invokeMethodConsideringTimeout(MethodInvocationHelper.java:63)\r\n\tat org.testng.internal.ConfigInvoker.invokeConfigurationMethod(ConfigInvoker.java:348)\r\n\tat org.testng.internal.ConfigInvoker.invokeConfigurations(ConfigInvoker.java:302)\r\n\tat org.testng.internal.TestMethodWorker.invokeBeforeClassMethods(TestMethodWorker.java:176)\r\n\tat org.testng.internal.TestMethodWorker.run(TestMethodWorker.java:122)\r\n\tat java.base/java.util.ArrayList.forEach(ArrayList.java:1541)\r\n\tat org.testng.TestRunner.privateRun(TestRunner.java:766)\r\n\tat org.testng.TestRunner.run(TestRunner.java:587)\r\n\tat org.testng.SuiteRunner.runTest(SuiteRunner.java:384)\r\n\tat org.testng.SuiteRunner.runSequentially(SuiteRunner.java:378)\r\n\tat org.testng.SuiteRunner.privateRun(SuiteRunner.java:337)\r\n\tat org.testng.SuiteRunner.run(SuiteRunner.java:286)\r\n\tat org.testng.SuiteRunnerWorker.runSuite(SuiteRunnerWorker.java:53)\r\n\tat org.testng.SuiteRunnerWorker.run(SuiteRunnerWorker.java:96)\r\n\tat org.testng.TestNG.runSuitesSequentially(TestNG.java:1187)\r\n\tat org.testng.TestNG.runSuitesLocally(TestNG.java:1109)\r\n\tat org.testng.TestNG.runSuites(TestNG.java:1039)\r\n\tat org.testng.TestNG.run(TestNG.java:1007)\r\n\tat org.gradle.api.internal.tasks.testing.testng.TestNGTestClassProcessor.runTests(TestNGTestClassProcessor.java:141)\r\n\tat org.gradle.api.internal.tasks.testing.testng.TestNGTestClassProcessor.stop(TestNGTestClassProcessor.java:90)\r\n\tat org.gradle.api.internal.tasks.testing.SuiteTestClassProcessor.stop(SuiteTestClassProcessor.java:61)\r\n\tat java.base/jdk.internal.reflect.NativeMethodAccessorImpl.invoke0(Native Method)\r\n\tat java.base/jdk.internal.reflect.NativeMethodAccessorImpl.invoke(NativeMethodAccessorImpl.java:62)\r\n\tat java.base/jdk.internal.reflect.DelegatingMethodAccessorImpl.invoke(DelegatingMethodAccessorImpl.java:43)\r\n\tat java.base/java.lang.reflect.Method.invoke(Method.java:566)\r\n\tat org.gradle.internal.dispatch.ReflectionDispatch.dispatch(ReflectionDispatch.java:36)\r\n\tat org.gradle.internal.dispatch.ReflectionDispatch.dispatch(ReflectionDispatch.java:24)\r\n\tat org.gradle.internal.dispatch.ContextClassLoaderDispatch.dispatch(ContextClassLoaderDispatch.java:33)\r\n\tat org.gradle.internal.dispatch.ProxyDispatchAdapter$DispatchingInvocationHandler.invoke(ProxyDispatchAdapter.java:94)\r\n\tat com.sun.proxy.$Proxy2.stop(Unknown Source)\r\n\tat org.gradle.api.internal.tasks.testing.worker.TestWorker.stop(TestWorker.java:135)\r\n\tat java.base/jdk.internal.reflect.NativeMethodAccessorImpl.invoke0(Native Method)\r\n\tat java.base/jdk.internal.reflect.NativeMethodAccessorImpl.invoke(NativeMethodAccessorImpl.java:62)\r\n\tat java.base/jdk.internal.reflect.DelegatingMethodAccessorImpl.invoke(DelegatingMethodAccessorImpl.java:43)\r\n\tat java.base/java.lang.reflect.Method.invoke(Method.java:566)\r\n\tat org.gradle.internal.dispatch.ReflectionDispatch.dispatch(ReflectionDispatch.java:36)\r\n\tat org.gradle.internal.dispatch.ReflectionDispatch.dispatch(ReflectionDispatch.java:24)\r\n\tat org.gradle.internal.remote.internal.hub.MessageHubBackedObjectConnection$DispatchWrapper.dispatch(MessageHubBackedObjectConnection.java:182)\r\n\tat org.gradle.internal.remote.internal.hub.MessageHubBackedObjectConnection$DispatchWrapper.dispatch(MessageHubBackedObjectConnection.java:164)\r\n\tat org.gradle.internal.remote.internal.hub.MessageHub$Handler.run(MessageHub.java:414)\r\n\tat org.gradle.internal.concurrent.ExecutorPolicy$CatchAndRecordFailures.onExecute(ExecutorPolicy.java:64)\r\n\tat org.gradle.internal.concurrent.ManagedExecutorImpl$1.run(ManagedExecutorImpl.java:48)\r\n\tat java.base/java.util.concurrent.ThreadPoolExecutor.runWorker(ThreadPoolExecutor.java:1128)\r\n\tat java.base/java.util.concurrent.ThreadPoolExecutor$Worker.run(ThreadPoolExecutor.java:628)\r\n\tat org.gradle.internal.concurrent.ThreadFactoryImpl$ManagedThreadRunnable.run(ThreadFactoryImpl.java:56)\r\n\tat java.base/java.lang.Thread.run(Thread.java:834)\r\nCaused by: java.lang.AssertionError: Failed to execute 'IsAssert.displayed' for element 'Welcome Block(css='#nameofuser')' during '10' seconds. java.lang.AssertionError: \r\nExpected: is \"displayed\"\r\n     but: was \"hidden\"\r\n\tat com.epam.jdi.light.common.Exceptions.exception(Exceptions.java:27)\r\n\tat com.epam.jdi.light.actions.ActionHelper.stableAction(ActionHelper.java:624)\r\n\tat com.epam.jdi.light.actions.ActionProcessor.jdiAround(ActionProcessor.java:47)\r\n\t... 53 more\r\nCaused by: java.lang.AssertionError: java.lang.AssertionError: \r\nExpected: is \"displayed\"\r\n     but: was \"hidden\"\r\n\tat com.epam.jdi.light.asserts.core.SoftAssert.jdiAssert(SoftAssert.java:49)\r\n\tat com.epam.jdi.light.asserts.generic.UIAssert.displayed_aroundBody2(UIAssert.java:28)\r\n\tat com.epam.jdi.light.asserts.generic.UIAssert$AjcClosure3.run(UIAssert.java:1)\r\n\tat org.aspectj.runtime.reflect.JoinPointImpl.proceed(JoinPointImpl.java:167)\r\n\tat com.epam.jdi.light.actions.ActionObject.execute(ActionObject.java:60)\r\n\tat com.epam.jdi.light.actions.ActionHelper.stableAction(ActionHelper.java:613)\r\n\t... 54 more\r\nCaused by: java.lang.AssertionError: \r\nExpected: is \"displayed\"\r\n     but: was \"hidden\"\r\n\tat org.hamcrest.MatcherAssert.assertThat(MatcherAssert.java:20)\r\n\tat org.hamcrest.MatcherAssert.assertThat(MatcherAssert.java:6)\r\n\tat com.epam.jdi.light.asserts.core.SoftAssert.jdiAssert(SoftAssert.java:43)\r\n\t... 59 more\r\n"},"stage":"finished","description":"","steps":[{"name":"Open 'Home Page'(url=https://www.demoblaze.com/)","status":"passed","stage":"finished","steps":[{"name":"Open 'Home Page'(url=https://www.demoblaze.com/)","status":"passed","stage":"finished","steps":[],"attachments":[],"parameters":[],"start":1639405427333,"stop":1639405427599}],"attachments":[{"name":"Details","source":"9e40249c-2c03-443d-8f96-1dff9e4709fd-attachment.html","type":"text/plain"}],"parameters":[],"start":1639405427328,"stop":1639405427599},{"name":"Assert that 'Footer Block' is displayed","status":"passed","stage":"finished","steps":[{"name":"Check that 'Footer Block' is displayed","status":"passed","stage":"finished","steps":[],"attachments":[],"parameters":[],"start":1639405427609,"stop":1639405427657}],"attachments":[{"name":"Details","source":"10414040-052a-4127-bd71-7235826cdd1f-attachment.html","type":"text/plain"}],"parameters":[],"start":1639405427602,"stop":1639405427657},{"name":"Open 'Home Page'(url=https://www.demoblaze.com/)","status":"passed","stage":"finished","steps":[{"name":"Open 'Home Page'(url=https://www.demoblaze.com/)","status":"passed","stage":"finished","steps":[],"attachments":[],"parameters":[],"start":1639405427690,"stop":1639405427962}],"attachments":[{"name":"Details","source":"66c1519b-f53f-4562-b6a9-a8bc961fbabe-attachment.html","type":"text/plain"}],"parameters":[],"start":1639405427687,"stop":1639405427962},{"name":"Click on 'Login Button'","status":"passed","stage":"finished","steps":[{"name":"Click on 'Login Button'","status":"passed","stage":"finished","steps":[{"name":"Check that 'Login Button' is disabled","status":"passed","stage":"finished","steps":[],"attachments":[{"name":"Actual result","source":"af119e5f-c018-4b4c-9e0b-6a7a2b57823b-attachment.html","type":"text/plain"}],"parameters":[],"start":1639405427972,"stop":1639405428183}],"attachments":[],"parameters":[],"start":1639405427969,"stop":1639405428287}],"attachments":[{"name":"Details","source":"77d71fd6-9bb3-4d19-9a4f-07183c855148-attachment.html","type":"text/plain"}],"parameters":[],"start":1639405427963,"stop":1639405428287},{"name":"Input 'qatest@test.com' in 'Username Field'","status":"passed","stage":"finished","steps":[],"attachments":[{"name":"Details","source":"3f60bc08-8730-42f0-9202-816dc63970a3-attachment.html","type":"text/plain"}],"parameters":[],"start":1639405428287,"stop":1639405428744},{"name":"Input 'test123!' in 'Username Password'","status":"passed","stage":"finished","steps":[],"attachments":[{"name":"Details","source":"0ed5d456-fb13-432e-b4bf-f99c6fe70375-attachment.html","type":"text/plain"}],"parameters":[],"start":1639405428746,"stop":1639405428914},{"name":"Click on 'Login Button'","status":"passed","stage":"finished","steps":[{"name":"Click on 'Login Button'","status":"passed","stage":"finished","steps":[{"name":"Check that 'Login Button' is disabled","status":"passed","stage":"finished","steps":[],"attachments":[{"name":"Actual result","source":"a63bfc8a-52b3-470f-8c97-6fd497b90e83-attachment.html","type":"text/plain"}],"parameters":[],"start":1639405428922,"stop":1639405429120}],"attachments":[],"parameters":[],"start":1639405428920,"stop":1639405429241}],"attachments":[{"name":"Details","source":"43d4cc43-1219-4f16-8c34-9d6bd403cb14-attachment.html","type":"text/plain"}],"parameters":[],"start":1639405428914,"stop":1639405429242},{"name":"Assert that 'Welcome Block' is displayed","stage":"running","steps":[{"name":"Check that 'Welcome Block' is displayed","status":"passed","stage":"finished","steps":[],"attachments":[],"parameters":[],"start":1639405429253,"stop":1639405429316},{"name":"Failure details","stage":"finished","steps":[],"attachments":[{"name":"Screenshot","source":"1399f9dd-83f2-44b5-b14d-6be17b8b7cbe-attachment"}],"parameters":[],"start":1639405439922,"stop":1639405439924}],"attachments":[{"name":"Details","source":"84ba0769-3c37-4268-aad4-ed55d49a2fa7-attachment.html","type":"text/plain"}],"parameters":[],"start":1639405429242}],"attachments":[],"parameters":[],"start":1639405427328,"stop":1639405439936}],"afters":[],"links":[],"start":1639405427326,"stop":1639405454994}