{"uuid":"3f0abfff-c37e-4ae2-87c6-e85c16abd7f5","name":"Default Suite","children":["d84e2043-f0c2-4375-989e-1badc59ad57d"],"befores":[{"name":"setUp","status":"broken","statusDetails":{"known":false,"muted":false,"flaky":false,"message":"\nCan't get WebDriver: chrome","trace":"java.lang.RuntimeException: \nCan't get WebDriver: chrome\r\n\tat com.epam.jdi.light.common.Exceptions.exception(Exceptions.java:31)\r\n\tat com.epam.jdi.light.driver.WebDriverFactory.getDriver(WebDriverFactory.java:216)\r\n\tat ui._init.AbstractTest.setUp(AbstractTest.java:30)\r\n\tat java.base/jdk.internal.reflect.DirectMethodHandleAccessor.invoke(DirectMethodHandleAccessor.java:103)\r\n\tat java.base/java.lang.reflect.Method.invoke(Method.java:580)\r\n\tat org.testng.internal.MethodInvocationHelper.invokeMethod(MethodInvocationHelper.java:134)\r\n\tat org.testng.internal.MethodInvocationHelper.invokeMethodConsideringTimeout(MethodInvocationHelper.java:63)\r\n\tat org.testng.internal.ConfigInvoker.invokeConfigurationMethod(ConfigInvoker.java:348)\r\n\tat org.testng.internal.ConfigInvoker.invokeConfigurations(ConfigInvoker.java:302)\r\n\tat org.testng.SuiteRunner.privateRun(SuiteRunner.java:327)\r\n\tat org.testng.SuiteRunner.run(SuiteRunner.java:286)\r\n\tat org.testng.SuiteRunnerWorker.runSuite(SuiteRunnerWorker.java:53)\r\n\tat org.testng.SuiteRunnerWorker.run(SuiteRunnerWorker.java:96)\r\n\tat org.testng.TestNG.runSuitesSequentially(TestNG.java:1187)\r\n\tat org.testng.TestNG.runSuitesLocally(TestNG.java:1109)\r\n\tat org.testng.TestNG.runSuites(TestNG.java:1039)\r\n\tat org.testng.TestNG.run(TestNG.java:1007)\r\n\tat com.intellij.rt.testng.IDEARemoteTestNG.run(IDEARemoteTestNG.java:65)\r\n\tat com.intellij.rt.testng.RemoteTestNGStarter.main(RemoteTestNGStarter.java:105)\r\nCaused by: java.lang.RuntimeException: \nCan't get WebDriver: chrome\r\n\tat com.epam.jdi.light.common.Exceptions.exception(Exceptions.java:31)\r\n\tat com.epam.jdi.light.driver.WebDriverFactory.getDriver(WebDriverFactory.java:224)\r\n\tat com.epam.jdi.light.driver.WebDriverFactory.getDriver(WebDriverFactory.java:214)\r\n\t... 17 more\r\nCaused by: java.lang.RuntimeException: java.lang.RuntimeException: \nFailed to run downloaded driver CHROME:X32:113.0.5672.63. Please check that your browser and driver are compatible or use local driver with 'drivers.folder' property in test.properties'.\r\nDriverPath: C:\\Users\\serhi\\.cache\\selenium\\chromedriver\\win32\\114.0.5735.90\\chromedriver.exe\r\n\tat com.jdiai.tools.func.JFunc1.execute(JFunc1.java:21)\r\n\tat com.epam.jdi.light.driver.WebDriverFactory.getDriver(WebDriverFactory.java:222)\r\n\t... 18 more\r\nCaused by: java.lang.RuntimeException: \nFailed to run downloaded driver CHROME:X32:113.0.5672.63. Please check that your browser and driver are compatible or use local driver with 'drivers.folder' property in test.properties'.\r\nDriverPath: C:\\Users\\serhi\\.cache\\selenium\\chromedriver\\win32\\114.0.5735.90\\chromedriver.exe\r\n\tat com.epam.jdi.light.common.Exceptions.exception(Exceptions.java:31)\r\n\tat com.epam.jdi.light.driver.WebDriverFactory.getDriverException(WebDriverFactory.java:143)\r\n\tat com.epam.jdi.light.driver.WebDriverFactory.getDriverByName(WebDriverFactory.java:127)\r\n\tat com.jdiai.tools.func.JFunc1.execute(JFunc1.java:19)\r\n\t... 19 more\r\nCaused by: java.lang.RuntimeException: \nCan't run and register new driver 'chrome'\r\n\tat com.epam.jdi.light.common.Exceptions.exception(Exceptions.java:31)\r\n\tat com.epam.jdi.light.driver.WebDriverFactory.registerNewDriver(WebDriverFactory.java:90)\r\n\tat com.epam.jdi.light.driver.WebDriverFactory.getDriverFromName(WebDriverFactory.java:158)\r\n\tat com.epam.jdi.light.driver.WebDriverFactory.getDriverByName(WebDriverFactory.java:125)\r\n\t... 20 more\r\nCaused by: java.lang.RuntimeException: \r\nFailed to get valid driver 'chrome'\r\n\tat com.epam.jdi.light.common.Exceptions.runtimeException(Exceptions.java:15)\r\n\tat com.epam.jdi.light.driver.WebDriverFactory.getValidDriver(WebDriverFactory.java:113)\r\n\tat com.epam.jdi.light.driver.WebDriverFactory.registerNewDriver(WebDriverFactory.java:85)\r\n\t... 22 more\r\n"},"stage":"finished","description":"","steps":[],"attachments":[],"parameters":[],"start":1708024961702,"stop":1708024970813}],"afters":[{"name":"tearDown","status":"broken","statusDetails":{"known":false,"muted":false,"flaky":false,"message":"\nCan't get WebDriver: chrome","trace":"java.lang.RuntimeException: \nCan't get WebDriver: chrome\r\n\tat com.epam.jdi.light.common.Exceptions.exception(Exceptions.java:31)\r\n\tat com.epam.jdi.light.driver.WebDriverFactory.getDriver(WebDriverFactory.java:216)\r\n\tat ui._init.AbstractTest.tearDown(AbstractTest.java:38)\r\n\tat java.base/jdk.internal.reflect.DirectMethodHandleAccessor.invoke(DirectMethodHandleAccessor.java:103)\r\n\tat java.base/java.lang.reflect.Method.invoke(Method.java:580)\r\n\tat org.testng.internal.MethodInvocationHelper.invokeMethod(MethodInvocationHelper.java:134)\r\n\tat org.testng.internal.MethodInvocationHelper.invokeMethodConsideringTimeout(MethodInvocationHelper.java:63)\r\n\tat org.testng.internal.ConfigInvoker.invokeConfigurationMethod(ConfigInvoker.java:348)\r\n\tat org.testng.internal.ConfigInvoker.invokeConfigurations(ConfigInvoker.java:302)\r\n\tat org.testng.SuiteRunner.privateRun(SuiteRunner.java:351)\r\n\tat org.testng.SuiteRunner.run(SuiteRunner.java:286)\r\n\tat org.testng.SuiteRunnerWorker.runSuite(SuiteRunnerWorker.java:53)\r\n\tat org.testng.SuiteRunnerWorker.run(SuiteRunnerWorker.java:96)\r\n\tat org.testng.TestNG.runSuitesSequentially(TestNG.java:1187)\r\n\tat org.testng.TestNG.runSuitesLocally(TestNG.java:1109)\r\n\tat org.testng.TestNG.runSuites(TestNG.java:1039)\r\n\tat org.testng.TestNG.run(TestNG.java:1007)\r\n\tat com.intellij.rt.testng.IDEARemoteTestNG.run(IDEARemoteTestNG.java:65)\r\n\tat com.intellij.rt.testng.RemoteTestNGStarter.main(RemoteTestNGStarter.java:105)\r\nCaused by: java.lang.RuntimeException: \nCan't get WebDriver: chrome\r\n\tat com.epam.jdi.light.common.Exceptions.exception(Exceptions.java:31)\r\n\tat com.epam.jdi.light.driver.WebDriverFactory.getDriver(WebDriverFactory.java:224)\r\n\tat com.epam.jdi.light.driver.WebDriverFactory.getDriver(WebDriverFactory.java:214)\r\n\t... 17 more\r\nCaused by: java.lang.RuntimeException: java.lang.RuntimeException: \nFailed to run downloaded driver CHROME:X32:113.0.5672.63. Please check that your browser and driver are compatible or use local driver with 'drivers.folder' property in test.properties'.\r\nDriverPath: C:\\Users\\serhi\\.cache\\selenium\\chromedriver\\win32\\114.0.5735.90\\chromedriver.exe\r\n\tat com.jdiai.tools.func.JFunc1.execute(JFunc1.java:21)\r\n\tat com.epam.jdi.light.driver.WebDriverFactory.getDriver(WebDriverFactory.java:222)\r\n\t... 18 more\r\nCaused by: java.lang.RuntimeException: \nFailed to run downloaded driver CHROME:X32:113.0.5672.63. Please check that your browser and driver are compatible or use local driver with 'drivers.folder' property in test.properties'.\r\nDriverPath: C:\\Users\\serhi\\.cache\\selenium\\chromedriver\\win32\\114.0.5735.90\\chromedriver.exe\r\n\tat com.epam.jdi.light.common.Exceptions.exception(Exceptions.java:31)\r\n\tat com.epam.jdi.light.driver.WebDriverFactory.getDriverException(WebDriverFactory.java:143)\r\n\tat com.epam.jdi.light.driver.WebDriverFactory.getDriverByName(WebDriverFactory.java:127)\r\n\tat com.jdiai.tools.func.JFunc1.execute(JFunc1.java:19)\r\n\t... 19 more\r\nCaused by: java.lang.RuntimeException: \nCan't run and register new driver 'chrome'\r\n\tat com.epam.jdi.light.common.Exceptions.exception(Exceptions.java:31)\r\n\tat com.epam.jdi.light.driver.WebDriverFactory.registerNewDriver(WebDriverFactory.java:90)\r\n\tat com.epam.jdi.light.driver.WebDriverFactory.getDriverFromName(WebDriverFactory.java:158)\r\n\tat com.epam.jdi.light.driver.WebDriverFactory.getDriverByName(WebDriverFactory.java:125)\r\n\t... 20 more\r\nCaused by: java.lang.RuntimeException: \r\nFailed to get valid driver 'chrome'\r\n\tat com.epam.jdi.light.common.Exceptions.runtimeException(Exceptions.java:15)\r\n\tat com.epam.jdi.light.driver.WebDriverFactory.getValidDriver(WebDriverFactory.java:113)\r\n\tat com.epam.jdi.light.driver.WebDriverFactory.registerNewDriver(WebDriverFactory.java:85)\r\n\t... 22 more\r\n"},"stage":"finished","description":"","steps":[],"attachments":[],"parameters":[],"start":1708024970995,"stop":1708024977154}],"links":[],"start":1708024961685,"stop":1708024977181}