{"name":"setUp","status":"broken","statusDetails":{"known":false,"muted":false,"flaky":false,"message":"\nCan't get WebDriver: chrome","trace":"java.lang.RuntimeException: \nCan't get WebDriver: chrome\r\n\tat com.epam.jdi.light.common.Exceptions.exception(Exceptions.java:35)\r\n\tat com.epam.jdi.light.driver.WebDriverFactory.getDriver(WebDriverFactory.java:216)\r\n\tat ui._init.AbstractTest.setUp(AbstractTest.java:31)\r\n\tat java.base/jdk.internal.reflect.DirectMethodHandleAccessor.invoke(DirectMethodHandleAccessor.java:103)\r\n\tat java.base/java.lang.reflect.Method.invoke(Method.java:580)\r\n\tat org.testng.internal.invokers.MethodInvocationHelper.invokeMethod(MethodInvocationHelper.java:139)\r\n\tat org.testng.internal.invokers.MethodInvocationHelper.invokeMethodConsideringTimeout(MethodInvocationHelper.java:69)\r\n\tat org.testng.internal.invokers.ConfigInvoker.invokeConfigurationMethod(ConfigInvoker.java:393)\r\n\tat org.testng.internal.invokers.ConfigInvoker.invokeConfigurations(ConfigInvoker.java:326)\r\n\tat org.testng.SuiteRunner.privateRun(SuiteRunner.java:382)\r\n\tat org.testng.SuiteRunner.run(SuiteRunner.java:336)\r\n\tat org.testng.SuiteRunnerWorker.runSuite(SuiteRunnerWorker.java:52)\r\n\tat org.testng.SuiteRunnerWorker.run(SuiteRunnerWorker.java:95)\r\n\tat org.testng.TestNG.runSuitesSequentially(TestNG.java:1301)\r\n\tat org.testng.TestNG.runSuitesLocally(TestNG.java:1228)\r\n\tat org.testng.TestNG.runSuites(TestNG.java:1134)\r\n\tat org.testng.TestNG.run(TestNG.java:1101)\r\n\tat com.intellij.rt.testng.IDEARemoteTestNG.run(IDEARemoteTestNG.java:65)\r\n\tat com.intellij.rt.testng.RemoteTestNGStarter.main(RemoteTestNGStarter.java:105)\r\nCaused by: java.lang.RuntimeException: \nCan't get WebDriver: chrome\r\n\tat com.epam.jdi.light.common.Exceptions.exception(Exceptions.java:35)\r\n\tat com.epam.jdi.light.driver.WebDriverFactory.getDriver(WebDriverFactory.java:224)\r\n\tat com.epam.jdi.light.driver.WebDriverFactory.getDriver(WebDriverFactory.java:214)\r\n\t... 17 more\r\nCaused by: java.lang.RuntimeException: java.lang.RuntimeException: \nFailed to Run driver 'chrome' from driverPath = null\r\n\tat com.jdiai.tools.func.JFunc1.execute(JFunc1.java:21)\r\n\tat com.epam.jdi.light.driver.WebDriverFactory.getDriver(WebDriverFactory.java:222)\r\n\t... 18 more\r\nCaused by: java.lang.RuntimeException: \nFailed to Run driver 'chrome' from driverPath = null\r\n\tat com.epam.jdi.light.common.Exceptions.exception(Exceptions.java:35)\r\n\tat com.epam.jdi.light.driver.WebDriverFactory.getDriverException(WebDriverFactory.java:147)\r\n\tat com.epam.jdi.light.driver.WebDriverFactory.getDriverByName(WebDriverFactory.java:127)\r\n\tat com.jdiai.tools.func.JFunc1.execute(JFunc1.java:19)\r\n\t... 19 more\r\nCaused by: java.lang.RuntimeException: \nCan't run and register new driver 'chrome'\r\n\tat com.epam.jdi.light.common.Exceptions.exception(Exceptions.java:35)\r\n\tat com.epam.jdi.light.driver.WebDriverFactory.registerNewDriver(WebDriverFactory.java:90)\r\n\tat com.epam.jdi.light.driver.WebDriverFactory.getDriverFromName(WebDriverFactory.java:158)\r\n\tat com.epam.jdi.light.driver.WebDriverFactory.getDriverByName(WebDriverFactory.java:125)\r\n\t... 20 more\r\nCaused by: java.lang.RuntimeException: \r\nFailed to get valid driver 'chrome'\r\n\tat com.epam.jdi.light.common.Exceptions.runtimeException(Exceptions.java:17)\r\n\tat com.epam.jdi.light.driver.WebDriverFactory.getValidDriver(WebDriverFactory.java:113)\r\n\tat com.epam.jdi.light.driver.WebDriverFactory.registerNewDriver(WebDriverFactory.java:85)\r\n\t... 22 more\r\n"},"stage":"finished","steps":[],"attachments":[],"parameters":[],"start":1708851038191,"stop":1708851038192,"uuid":"4f280fdd-5016-4fe7-8033-5bde68c83ab3","historyId":"72e4c3e8254fbc7a24812b5b8d3d3c65","fullName":"ui._init.AbstractTest.setUp","labels":[{"name":"package","value":"ui.account.LoginTest"},{"name":"testClass","value":"ui.account.LoginTest"},{"name":"testMethod","value":"setUp"},{"name":"parentSuite","value":"Default Suite"},{"name":"suite","value":"demo"},{"name":"subSuite","value":"ui.account.LoginTest"},{"name":"host","value":"DESKTOP-MKPI7FM"},{"name":"thread","value":"5180@DESKTOP-MKPI7FM.main(1)"},{"name":"framework","value":"testng"},{"name":"language","value":"java"},{"name":"AS_ID","value":"-1"}],"links":[]}