{"name":"loginTest","status":"skipped","statusDetails":{"known":false,"muted":false,"flaky":false,"message":"Can't get WebDriver: chrome","trace":"java.lang.RuntimeException: Can't get WebDriver: chrome\r\n\tat com.epam.jdi.light.common.Exceptions.exception(Exceptions.java:31)\r\n\tat com.epam.jdi.light.driver.WebDriverFactory.getDriver(WebDriverFactory.java:201)\r\n\tat ui._init.AbstractTest.setUp(AbstractTest.java:30)\r\n\tat java.base/jdk.internal.reflect.DirectMethodHandleAccessor.invoke(DirectMethodHandleAccessor.java:103)\r\n\tat java.base/java.lang.reflect.Method.invoke(Method.java:580)\r\n\tat org.testng.internal.MethodInvocationHelper.invokeMethod(MethodInvocationHelper.java:134)\r\n\tat org.testng.internal.MethodInvocationHelper.invokeMethodConsideringTimeout(MethodInvocationHelper.java:63)\r\n\tat org.testng.internal.ConfigInvoker.invokeConfigurationMethod(ConfigInvoker.java:348)\r\n\tat org.testng.internal.ConfigInvoker.invokeConfigurations(ConfigInvoker.java:302)\r\n\tat org.testng.SuiteRunner.privateRun(SuiteRunner.java:327)\r\n\tat org.testng.SuiteRunner.run(SuiteRunner.java:286)\r\n\tat org.testng.SuiteRunnerWorker.runSuite(SuiteRunnerWorker.java:53)\r\n\tat org.testng.SuiteRunnerWorker.run(SuiteRunnerWorker.java:96)\r\n\tat org.testng.TestNG.runSuitesSequentially(TestNG.java:1187)\r\n\tat org.testng.TestNG.runSuitesLocally(TestNG.java:1109)\r\n\tat org.testng.TestNG.runSuites(TestNG.java:1039)\r\n\tat org.testng.TestNG.run(TestNG.java:1007)\r\n\tat com.intellij.rt.testng.IDEARemoteTestNG.run(IDEARemoteTestNG.java:65)\r\n\tat com.intellij.rt.testng.RemoteTestNGStarter.main(RemoteTestNGStarter.java:105)\r\nCaused by: java.lang.RuntimeException: Can't get WebDriver: chrome\r\n\tat com.epam.jdi.light.common.Exceptions.exception(Exceptions.java:31)\r\n\tat com.epam.jdi.light.driver.WebDriverFactory.getDriver(WebDriverFactory.java:209)\r\n\tat com.epam.jdi.light.driver.WebDriverFactory.getDriver(WebDriverFactory.java:199)\r\n\t... 17 more\r\nCaused by: java.lang.RuntimeException: java.lang.RuntimeException: Failed to run downloaded driver CHROME:X32:113.0.5672.63. Please check that your browser and driver are compatible or use local driver with 'drivers.folder' property in test.properties'.\r\nDriverPath: C:\\Users\\serhi\\.cache\\selenium\\chromedriver\\win32\\114.0.5735.90\\chromedriver.exe\r\n\tat com.epam.jdi.tools.func.JFunc1.execute(JFunc1.java:21)\r\n\tat com.epam.jdi.light.driver.WebDriverFactory.getDriver(WebDriverFactory.java:207)\r\n\t... 18 more\r\nCaused by: java.lang.RuntimeException: Failed to run downloaded driver CHROME:X32:113.0.5672.63. Please check that your browser and driver are compatible or use local driver with 'drivers.folder' property in test.properties'.\r\nDriverPath: C:\\Users\\serhi\\.cache\\selenium\\chromedriver\\win32\\114.0.5735.90\\chromedriver.exe\r\n\tat com.epam.jdi.light.common.Exceptions.exception(Exceptions.java:31)\r\n\tat com.epam.jdi.light.driver.WebDriverFactory.getDriverException(WebDriverFactory.java:130)\r\n\tat com.epam.jdi.light.driver.WebDriverFactory.getDriverByName(WebDriverFactory.java:114)\r\n\tat com.epam.jdi.tools.func.JFunc1.execute(JFunc1.java:19)\r\n\t... 19 more\r\nCaused by: java.lang.RuntimeException: Can't run and register new driver 'chrome'\r\n\tat com.epam.jdi.light.common.Exceptions.exception(Exceptions.java:31)\r\n\tat com.epam.jdi.light.driver.WebDriverFactory.registerNewDriver(WebDriverFactory.java:81)\r\n\tat com.epam.jdi.light.driver.WebDriverFactory.getDriverFromName(WebDriverFactory.java:145)\r\n\tat com.epam.jdi.light.driver.WebDriverFactory.getDriverByName(WebDriverFactory.java:112)\r\n\t... 20 more\r\nCaused by: java.lang.RuntimeException: java.lang.NullPointerException: Cannot invoke \"org.openqa.selenium.WebDriver.manage()\" because \"driver\" is null\r\n\tat com.epam.jdi.tools.func.JFunc1.execute(JFunc1.java:21)\r\n\tat com.epam.jdi.light.driver.WebDriverFactory.registerNewDriver(WebDriverFactory.java:77)\r\n\t... 22 more\r\nCaused by: java.lang.NullPointerException: Cannot invoke \"org.openqa.selenium.WebDriver.manage()\" because \"driver\" is null\r\n\tat com.epam.jdi.light.driver.get.DriverData.driverSettings(DriverData.java:94)\r\n\tat com.epam.jdi.tools.func.JFunc1.execute(JFunc1.java:19)\r\n\t... 23 more\r\n"},"stage":"finished","description":"Login, check storage, logout","steps":[],"attachments":[],"parameters":[],"start":1708021696612,"stop":1708021696650,"uuid":"63332523-aa67-4ef7-82d1-544c7e00a8cb","historyId":"ef1f79068718d2d9747aecaa97fc3883","fullName":"ui.account.LoginTest.loginTest","labels":[{"name":"package","value":"ui.account.LoginTest"},{"name":"testClass","value":"ui.account.LoginTest"},{"name":"testMethod","value":"loginTest"},{"name":"parentSuite","value":"Default Suite"},{"name":"suite","value":"demo"},{"name":"subSuite","value":"ui.account.LoginTest"},{"name":"host","value":"DESKTOP-MKPI7FM"},{"name":"thread","value":"2232@DESKTOP-MKPI7FM.main(1)"},{"name":"framework","value":"testng"},{"name":"language","value":"java"},{"name":"story","value":"Sign up and login flow"},{"name":"severity","value":"critical"}],"links":[]}