{"name":"loginTest","status":"failed","statusDetails":{"known":false,"muted":false,"flaky":false,"message":"\n[55:22.112] Failed to execute 'IsAssert.displayed' for element 'Logo(css='.nav-logo')' during '10' seconds. 55:21.453 \r\nExpected: is \"displayed\"\r\n     but: was \"hidden\"","trace":"java.lang.AssertionError: \n[55:22.112] Failed to execute 'IsAssert.displayed' for element 'Logo(css='.nav-logo')' during '10' seconds. 55:21.453 \r\nExpected: is \"displayed\"\r\n     but: was \"hidden\"\r\n\tat com.epam.jdi.light.common.Exceptions.exception(Exceptions.java:32)\r\n\tat com.epam.jdi.light.actions.ActionHelper.actionFailed(ActionHelper.java:413)\r\n\tat com.jdiai.tools.func.JFunc2.execute(JFunc2.java:19)\r\n\tat com.epam.jdi.light.actions.ActionProcessor.jdiAround(ActionProcessor.java:55)\r\n\tat com.epam.jdi.light.asserts.generic.UIAssert.displayed(UIAssert.java:27)\r\n\tat ui.pages.HomePage.verifyHomePageOpened(HomePage.java:22)\r\n\tat ui.account.LoginTest.loginTest(LoginTest.java:21)\r\n\tat java.base/jdk.internal.reflect.DirectMethodHandleAccessor.invoke(DirectMethodHandleAccessor.java:103)\r\n\tat java.base/java.lang.reflect.Method.invoke(Method.java:580)\r\n\tat org.testng.internal.invokers.MethodInvocationHelper.invokeMethod(MethodInvocationHelper.java:139)\r\n\tat org.testng.internal.invokers.TestInvoker.invokeMethod(TestInvoker.java:664)\r\n\tat org.testng.internal.invokers.TestInvoker.invokeTestMethod(TestInvoker.java:228)\r\n\tat org.testng.internal.invokers.MethodRunner.runInSequence(MethodRunner.java:63)\r\n\tat org.testng.internal.invokers.TestInvoker$MethodInvocationAgent.invoke(TestInvoker.java:961)\r\n\tat org.testng.internal.invokers.TestInvoker.invokeTestMethods(TestInvoker.java:201)\r\n\tat org.testng.internal.invokers.TestMethodWorker.invokeTestMethods(TestMethodWorker.java:148)\r\n\tat org.testng.internal.invokers.TestMethodWorker.run(TestMethodWorker.java:128)\r\n\tat java.base/java.util.ArrayList.forEach(ArrayList.java:1596)\r\n\tat org.testng.TestRunner.privateRun(TestRunner.java:819)\r\n\tat org.testng.TestRunner.run(TestRunner.java:619)\r\n\tat org.testng.SuiteRunner.runTest(SuiteRunner.java:443)\r\n\tat org.testng.SuiteRunner.runSequentially(SuiteRunner.java:437)\r\n\tat org.testng.SuiteRunner.privateRun(SuiteRunner.java:397)\r\n\tat org.testng.SuiteRunner.run(SuiteRunner.java:336)\r\n\tat org.testng.SuiteRunnerWorker.runSuite(SuiteRunnerWorker.java:52)\r\n\tat org.testng.SuiteRunnerWorker.run(SuiteRunnerWorker.java:95)\r\n\tat org.testng.TestNG.runSuitesSequentially(TestNG.java:1301)\r\n\tat org.testng.TestNG.runSuitesLocally(TestNG.java:1228)\r\n\tat org.testng.TestNG.runSuites(TestNG.java:1134)\r\n\tat org.testng.TestNG.run(TestNG.java:1101)\r\n\tat com.intellij.rt.testng.IDEARemoteTestNG.run(IDEARemoteTestNG.java:65)\r\n\tat com.intellij.rt.testng.RemoteTestNGStarter.main(RemoteTestNGStarter.java:105)\r\nCaused by: java.lang.AssertionError: \nFailed to execute 'IsAssert.displayed' for element 'Logo(css='.nav-logo')' during '10' seconds. 55:21.453 \r\nExpected: is \"displayed\"\r\n     but: was \"hidden\"\r\n\tat com.epam.jdi.light.common.Exceptions.exception(Exceptions.java:32)\r\n\tat com.epam.jdi.light.actions.ActionHelper.stableAction(ActionHelper.java:695)\r\n\tat com.epam.jdi.light.actions.ActionProcessor.jdiAround(ActionProcessor.java:48)\r\n\t... 28 more\r\nCaused by: java.lang.AssertionError: 55:21.453 \r\nExpected: is \"displayed\"\r\n     but: was \"hidden\"\r\n\tat com.epam.jdi.light.asserts.core.SoftAssert.jdiAssert(SoftAssert.java:48)\r\n\tat com.epam.jdi.light.asserts.core.SoftAssert.jdiAssert(SoftAssert.java:59)\r\n\tat com.epam.jdi.light.asserts.generic.UIAssert.displayed_aroundBody2(UIAssert.java:28)\r\n\tat com.epam.jdi.light.asserts.generic.UIAssert$AjcClosure3.run(UIAssert.java:1)\r\n\tat org.aspectj.runtime.reflect.JoinPointImpl.proceed(JoinPointImpl.java:179)\r\n\tat com.epam.jdi.light.actions.ActionObject.execute(ActionObject.java:61)\r\n\tat com.epam.jdi.light.actions.ActionHelper.invokeAction(ActionHelper.java:705)\r\n\tat com.epam.jdi.light.actions.ActionHelper.stableAction(ActionHelper.java:693)\r\n\t... 29 more\r\n"},"stage":"finished","description":"Login, check storage, logout","steps":[{"name":"Open 'Home Page'(url=https://www.linkedin.com/)","status":"passed","stage":"finished","steps":[],"attachments":[],"parameters":[],"start":1708026910542,"stop":1708026911253},{"name":"Assert that 'Logo' is displayed","stage":"running","steps":[{"name":"Check that 'Logo' is displayed","status":"passed","stage":"finished","steps":[],"attachments":[{"name":"Actual result","source":"f07178b8-2312-46e7-a3c3-06c65fd2df32-attachment.html","type":"text/plain"}],"parameters":[],"start":1708026911433,"stop":1708026911473},{"name":"Failure details","stage":"finished","steps":[],"attachments":[{"name":"Screenshot","source":"9b8b47dd-5ceb-46d4-8a3e-e932f82b5501-attachment"}],"parameters":[],"start":1708026922095,"stop":1708026922100}],"attachments":[{"name":"Details","source":"60dcfa01-c3e2-4225-a203-c1e57facaa09-attachment.html","type":"text/plain"}],"parameters":[],"start":1708026911380}],"attachments":[],"parameters":[],"start":1708026910523,"stop":1708026922120,"uuid":"6621044f-4e53-4263-a250-9ac5781b536c","historyId":"ef1f79068718d2d9747aecaa97fc3883","fullName":"ui.account.LoginTest.loginTest","labels":[{"name":"package","value":"ui.account.LoginTest"},{"name":"testClass","value":"ui.account.LoginTest"},{"name":"testMethod","value":"loginTest"},{"name":"parentSuite","value":"Default Suite"},{"name":"suite","value":"demo"},{"name":"subSuite","value":"ui.account.LoginTest"},{"name":"host","value":"DESKTOP-MKPI7FM"},{"name":"thread","value":"13168@DESKTOP-MKPI7FM.main(1)"},{"name":"framework","value":"testng"},{"name":"language","value":"java"},{"name":"story","value":"Sign up and login flow"},{"name":"severity","value":"critical"}],"links":[]}