{"name":"loginTest","status":"broken","statusDetails":{"known":false,"muted":false,"flaky":false,"message":"\n[17:43.980] Failed to execute 'UIElement.click' for element 'Sign In Button Bottom' during '10' seconds. \nCan't find Element 'LoginPage.signInButtonBottom (xpath='//*[@data-id='sign-in-form']// *[contains(@class, 'btn-primary')]')' during 10 seconds","trace":"java.lang.RuntimeException: \n[17:43.980] Failed to execute 'UIElement.click' for element 'Sign In Button Bottom' during '10' seconds. \nCan't find Element 'LoginPage.signInButtonBottom (xpath='//*[@data-id='sign-in-form']// *[contains(@class, 'btn-primary')]')' during 10 seconds\r\n\tat com.epam.jdi.light.common.Exceptions.exception(Exceptions.java:35)\r\n\tat com.epam.jdi.light.actions.ActionHelper.actionFailed(ActionHelper.java:413)\r\n\tat com.jdiai.tools.func.JFunc2.execute(JFunc2.java:19)\r\n\tat com.epam.jdi.light.actions.ActionProcessor.jdiAround(ActionProcessor.java:55)\r\n\tat com.epam.jdi.light.elements.interfaces.base.HasClick.click(HasClick.java:11)\r\n\tat ui.pages.LoginPage.loginAs(LoginPage.java:37)\r\n\tat ui.pages.LoginPage.loginAs(LoginPage.java:41)\r\n\tat ui.account.LoginTest.loginTest(LoginTest.java:23)\r\n\tat java.base/jdk.internal.reflect.DirectMethodHandleAccessor.invoke(DirectMethodHandleAccessor.java:103)\r\n\tat java.base/java.lang.reflect.Method.invoke(Method.java:580)\r\n\tat org.testng.internal.invokers.MethodInvocationHelper.invokeMethod(MethodInvocationHelper.java:139)\r\n\tat org.testng.internal.invokers.TestInvoker.invokeMethod(TestInvoker.java:664)\r\n\tat org.testng.internal.invokers.TestInvoker.invokeTestMethod(TestInvoker.java:228)\r\n\tat org.testng.internal.invokers.MethodRunner.runInSequence(MethodRunner.java:63)\r\n\tat org.testng.internal.invokers.TestInvoker$MethodInvocationAgent.invoke(TestInvoker.java:961)\r\n\tat org.testng.internal.invokers.TestInvoker.invokeTestMethods(TestInvoker.java:201)\r\n\tat org.testng.internal.invokers.TestMethodWorker.invokeTestMethods(TestMethodWorker.java:148)\r\n\tat org.testng.internal.invokers.TestMethodWorker.run(TestMethodWorker.java:128)\r\n\tat java.base/java.util.ArrayList.forEach(ArrayList.java:1596)\r\n\tat org.testng.TestRunner.privateRun(TestRunner.java:819)\r\n\tat org.testng.TestRunner.run(TestRunner.java:619)\r\n\tat org.testng.SuiteRunner.runTest(SuiteRunner.java:443)\r\n\tat org.testng.SuiteRunner.runSequentially(SuiteRunner.java:437)\r\n\tat org.testng.SuiteRunner.privateRun(SuiteRunner.java:397)\r\n\tat org.testng.SuiteRunner.run(SuiteRunner.java:336)\r\n\tat org.testng.SuiteRunnerWorker.runSuite(SuiteRunnerWorker.java:52)\r\n\tat org.testng.SuiteRunnerWorker.run(SuiteRunnerWorker.java:95)\r\n\tat org.testng.TestNG.runSuitesSequentially(TestNG.java:1301)\r\n\tat org.testng.TestNG.runSuitesLocally(TestNG.java:1228)\r\n\tat org.testng.TestNG.runSuites(TestNG.java:1134)\r\n\tat org.testng.TestNG.run(TestNG.java:1101)\r\n\tat com.intellij.rt.testng.IDEARemoteTestNG.run(IDEARemoteTestNG.java:65)\r\n\tat com.intellij.rt.testng.RemoteTestNGStarter.main(RemoteTestNGStarter.java:105)\r\nCaused by: java.lang.RuntimeException: \nFailed to execute 'UIElement.click' for element 'Sign In Button Bottom' during '10' seconds. \nCan't find Element 'LoginPage.signInButtonBottom (xpath='//*[@data-id='sign-in-form']// *[contains(@class, 'btn-primary')]')' during 10 seconds\r\n\tat com.epam.jdi.light.common.Exceptions.exception(Exceptions.java:35)\r\n\tat com.epam.jdi.light.actions.ActionHelper.stableAction(ActionHelper.java:695)\r\n\tat com.epam.jdi.light.actions.ActionProcessor.jdiAround(ActionProcessor.java:48)\r\n\t... 29 more\r\nCaused by: java.lang.RuntimeException: \nCan't find Element 'LoginPage.signInButtonBottom (xpath='//*[@data-id='sign-in-form']// *[contains(@class, 'btn-primary')]')' during 10 seconds\r\n\tat com.epam.jdi.light.common.Exceptions.exception(Exceptions.java:35)\r\n\tat com.epam.jdi.light.actions.ActionHelper.actionFailed(ActionHelper.java:413)\r\n\tat com.jdiai.tools.func.JFunc2.execute(JFunc2.java:19)\r\n\tat com.epam.jdi.light.actions.ActionProcessor.jdiAround(ActionProcessor.java:55)\r\n\tat com.epam.jdi.light.elements.common.UIElement.click(UIElement.java:131)\r\n\tat com.epam.jdi.light.elements.interfaces.base.HasClick.click_aroundBody0(HasClick.java:11)\r\n\tat com.epam.jdi.light.elements.interfaces.base.HasClick$AjcClosure1.run(HasClick.java:1)\r\n\tat org.aspectj.runtime.reflect.JoinPointImpl.proceed(JoinPointImpl.java:179)\r\n\tat com.epam.jdi.light.actions.ActionObject.execute(ActionObject.java:61)\r\n\tat com.epam.jdi.light.actions.ActionHelper.invokeAction(ActionHelper.java:705)\r\n\tat com.epam.jdi.light.actions.ActionHelper.stableAction(ActionHelper.java:693)\r\n\t... 30 more\r\nCaused by: java.lang.RuntimeException: \nCan't find Element 'LoginPage.signInButtonBottom (xpath='//*[@data-id='sign-in-form']// *[contains(@class, 'btn-primary')]')' during 10 seconds\r\n\tat com.epam.jdi.light.common.Exceptions.exception(Exceptions.java:35)\r\n\tat com.epam.jdi.light.actions.ActionHelper.actionFailed(ActionHelper.java:413)\r\n\tat com.jdiai.tools.func.JFunc2.execute(JFunc2.java:19)\r\n\tat com.epam.jdi.light.actions.ActionProcessor.jdiAround(ActionProcessor.java:55)\r\n\tat com.epam.jdi.light.elements.common.UIElement.click_aroundBody2(UIElement.java:132)\r\n\tat com.epam.jdi.light.elements.common.UIElement$AjcClosure3.run(UIElement.java:1)\r\n\tat org.aspectj.runtime.reflect.JoinPointImpl.proceed(JoinPointImpl.java:179)\r\n\tat com.epam.jdi.light.actions.ActionObject.execute(ActionObject.java:61)\r\n\tat com.epam.jdi.light.actions.ActionHelper.invokeAction(ActionHelper.java:705)\r\n\tat com.epam.jdi.light.actions.ActionHelper.defaultAction(ActionHelper.java:670)\r\n\tat com.epam.jdi.light.actions.ActionProcessor.jdiAround(ActionProcessor.java:49)\r\n\t... 37 more\r\nCaused by: java.lang.RuntimeException: \nCan't find Element 'LoginPage.signInButtonBottom (xpath='//*[@data-id='sign-in-form']// *[contains(@class, 'btn-primary')]')' during 10 seconds\r\n\tat com.epam.jdi.light.common.Exceptions.exception(Exceptions.java:35)\r\n\tat com.epam.jdi.light.actions.ActionHelper.actionFailed(ActionHelper.java:413)\r\n\tat com.jdiai.tools.func.JFunc2.execute(JFunc2.java:19)\r\n\tat com.epam.jdi.light.actions.ActionProcessor.jdiAround(ActionProcessor.java:55)\r\n\tat com.epam.jdi.light.elements.common.UIElement.click(UIElement.java:340)\r\n\tat com.epam.jdi.light.elements.common.UIElement.click_aroundBody0(UIElement.java:132)\r\n\tat com.epam.jdi.light.elements.common.UIElement$AjcClosure1.run(UIElement.java:1)\r\n\tat org.aspectj.runtime.reflect.JoinPointImpl.proceed(JoinPointImpl.java:179)\r\n\tat com.epam.jdi.light.actions.ActionObject.execute(ActionObject.java:61)\r\n\tat com.epam.jdi.light.actions.ActionHelper.invokeAction(ActionHelper.java:705)\r\n\tat com.epam.jdi.light.actions.ActionHelper.defaultAction(ActionHelper.java:670)\r\n\tat com.epam.jdi.light.actions.ActionProcessor.jdiAround(ActionProcessor.java:49)\r\n\t... 44 more\r\nCaused by: java.lang.RuntimeException: \nCan't find Element 'LoginPage.signInButtonBottom (xpath='//*[@data-id='sign-in-form']// *[contains(@class, 'btn-primary')]')' during 10 seconds\r\n\tat com.epam.jdi.light.common.Exceptions.exception(Exceptions.java:35)\r\n\tat com.epam.jdi.light.actions.ActionHelper.actionFailed(ActionHelper.java:413)\r\n\tat com.jdiai.tools.func.JFunc2.execute(JFunc2.java:19)\r\n\tat com.epam.jdi.light.actions.ActionProcessor.jdiAround(ActionProcessor.java:55)\r\n\tat com.epam.jdi.light.elements.common.UIElement.click_aroundBody88(UIElement.java:341)\r\n\tat com.epam.jdi.light.elements.common.UIElement$AjcClosure89.run(UIElement.java:1)\r\n\tat org.aspectj.runtime.reflect.JoinPointImpl.proceed(JoinPointImpl.java:179)\r\n\tat com.epam.jdi.light.actions.ActionObject.execute(ActionObject.java:61)\r\n\tat com.epam.jdi.light.actions.ActionHelper.invokeAction(ActionHelper.java:705)\r\n\tat com.epam.jdi.light.actions.ActionHelper.defaultAction(ActionHelper.java:670)\r\n\tat com.epam.jdi.light.actions.ActionProcessor.jdiAround(ActionProcessor.java:49)\r\n\t... 52 more\r\nCaused by: java.lang.RuntimeException: \nCan't find Element 'LoginPage.signInButtonBottom (xpath='//*[@data-id='sign-in-form']// *[contains(@class, 'btn-primary')]')' during 10 seconds\r\n\tat com.epam.jdi.light.common.Exceptions.exception(Exceptions.java:35)\r\n\tat com.epam.jdi.light.actions.ActionHelper.actionFailed(ActionHelper.java:413)\r\n\tat com.jdiai.tools.func.JFunc2.execute(JFunc2.java:19)\r\n\tat com.epam.jdi.light.actions.ActionProcessor.jdiAround(ActionProcessor.java:55)\r\n\tat com.epam.jdi.light.elements.common.UIElement.isDisabled(UIElement.java:528)\r\n\tat com.epam.jdi.light.elements.common.UIElement.isDisabled_aroundBody64(UIElement.java:341)\r\n\tat com.epam.jdi.light.elements.common.UIElement$AjcClosure65.run(UIElement.java:1)\r\n\tat org.aspectj.runtime.reflect.JoinPointImpl.proceed(JoinPointImpl.java:179)\r\n\tat com.epam.jdi.light.actions.ActionObject.execute(ActionObject.java:61)\r\n\tat com.epam.jdi.light.actions.ActionHelper.invokeAction(ActionHelper.java:705)\r\n\tat com.epam.jdi.light.actions.ActionHelper.defaultAction(ActionHelper.java:670)\r\n\tat com.epam.jdi.light.actions.ActionProcessor.jdiAround(ActionProcessor.java:49)\r\n\t... 59 more\r\nCaused by: java.lang.RuntimeException: \nCan't find Element 'LoginPage.signInButtonBottom (xpath='//*[@data-id='sign-in-form']// *[contains(@class, 'btn-primary')]')' during 10 seconds\r\n\tat com.epam.jdi.light.common.Exceptions.exception(Exceptions.java:35)\r\n\tat com.epam.jdi.light.actions.ActionHelper.actionFailed(ActionHelper.java:413)\r\n\tat com.jdiai.tools.func.JFunc2.execute(JFunc2.java:19)\r\n\tat com.epam.jdi.light.actions.ActionProcessor.jdiAround(ActionProcessor.java:55)\r\n\tat com.epam.jdi.light.elements.common.UIElement.enabled(UIElement.java:847)\r\n\tat com.epam.jdi.light.elements.common.UIElement.isDisabled_aroundBody128(UIElement.java:529)\r\n\tat com.epam.jdi.light.elements.common.UIElement$AjcClosure129.run(UIElement.java:1)\r\n\tat org.aspectj.runtime.reflect.JoinPointImpl.proceed(JoinPointImpl.java:179)\r\n\tat com.epam.jdi.light.actions.ActionObject.execute(ActionObject.java:61)\r\n\tat com.epam.jdi.light.actions.ActionHelper.invokeAction(ActionHelper.java:705)\r\n\tat com.epam.jdi.light.actions.ActionHelper.defaultAction(ActionHelper.java:670)\r\n\tat com.epam.jdi.light.actions.ActionProcessor.jdiAround(ActionProcessor.java:49)\r\n\t... 67 more\r\nCaused by: java.lang.RuntimeException: \nCan't find Element 'LoginPage.signInButtonBottom (xpath='//*[@data-id='sign-in-form']// *[contains(@class, 'btn-primary')]')' during 10 seconds\r\n\tat com.epam.jdi.light.common.Exceptions.exception(Exceptions.java:35)\r\n\tat com.epam.jdi.light.actions.ActionHelper.actionFailed(ActionHelper.java:413)\r\n\tat com.jdiai.tools.func.JFunc2.execute(JFunc2.java:19)\r\n\tat com.epam.jdi.light.actions.ActionProcessor.jdiAround(ActionProcessor.java:55)\r\n\tat com.epam.jdi.light.elements.common.UIElement.hasClass(UIElement.java:546)\r\n\tat com.epam.jdi.light.elements.common.UIElement.hasClass_aroundBody234(UIElement.java:847)\r\n\tat com.epam.jdi.light.elements.common.UIElement$AjcClosure235.run(UIElement.java:1)\r\n\tat org.aspectj.runtime.reflect.JoinPointImpl.proceed(JoinPointImpl.java:179)\r\n\tat com.epam.jdi.light.actions.ActionObject.execute(ActionObject.java:61)\r\n\tat com.epam.jdi.light.actions.ActionHelper.invokeAction(ActionHelper.java:705)\r\n\tat com.epam.jdi.light.actions.ActionHelper.defaultAction(ActionHelper.java:670)\r\n\tat com.epam.jdi.light.actions.ActionProcessor.jdiAround(ActionProcessor.java:49)\r\n\t... 75 more\r\nCaused by: java.lang.RuntimeException: \nCan't find Element 'LoginPage.signInButtonBottom (xpath='//*[@data-id='sign-in-form']// *[contains(@class, 'btn-primary')]')' during 10 seconds\r\n\tat com.epam.jdi.light.common.Exceptions.exception(Exceptions.java:35)\r\n\tat com.epam.jdi.light.actions.ActionHelper.actionFailed(ActionHelper.java:413)\r\n\tat com.jdiai.tools.func.JFunc2.execute(JFunc2.java:19)\r\n\tat com.epam.jdi.light.actions.ActionProcessor.jdiAround(ActionProcessor.java:55)\r\n\tat com.epam.jdi.light.elements.common.UIElement.hasClass_aroundBody134(UIElement.java:547)\r\n\tat com.epam.jdi.light.elements.common.UIElement$AjcClosure135.run(UIElement.java:1)\r\n\tat org.aspectj.runtime.reflect.JoinPointImpl.proceed(JoinPointImpl.java:179)\r\n\tat com.epam.jdi.light.actions.ActionObject.execute(ActionObject.java:61)\r\n\tat com.epam.jdi.light.actions.ActionHelper.invokeAction(ActionHelper.java:705)\r\n\tat com.epam.jdi.light.actions.ActionHelper.defaultAction(ActionHelper.java:670)\r\n\tat com.epam.jdi.light.actions.ActionProcessor.jdiAround(ActionProcessor.java:49)\r\n\t... 83 more\r\nCaused by: java.lang.RuntimeException: \nCan't find Element 'LoginPage.signInButtonBottom (xpath='//*[@data-id='sign-in-form']// *[contains(@class, 'btn-primary')]')' during 10 seconds\r\n\tat com.epam.jdi.light.common.Exceptions.exception(Exceptions.java:35)\r\n\tat com.epam.jdi.light.actions.ActionHelper.actionFailed(ActionHelper.java:413)\r\n\tat com.jdiai.tools.func.JFunc2.execute(JFunc2.java:19)\r\n\tat com.epam.jdi.light.actions.ActionProcessor.jdiAround(ActionProcessor.java:55)\r\n\tat com.epam.jdi.light.elements.common.UIElement.classes(UIElement.java:537)\r\n\tat com.epam.jdi.light.elements.common.UIElement.classes_aroundBody132(UIElement.java:547)\r\n\tat com.epam.jdi.light.elements.common.UIElement$AjcClosure133.run(UIElement.java:1)\r\n\tat org.aspectj.runtime.reflect.JoinPointImpl.proceed(JoinPointImpl.java:179)\r\n\tat com.epam.jdi.light.actions.ActionObject.execute(ActionObject.java:61)\r\n\tat com.epam.jdi.light.actions.ActionHelper.invokeAction(ActionHelper.java:705)\r\n\tat com.epam.jdi.light.actions.ActionHelper.defaultAction(ActionHelper.java:670)\r\n\tat com.epam.jdi.light.actions.ActionProcessor.jdiAround(ActionProcessor.java:49)\r\n\t... 90 more\r\nCaused by: java.lang.RuntimeException: \nCan't find Element 'LoginPage.signInButtonBottom (xpath='//*[@data-id='sign-in-form']// *[contains(@class, 'btn-primary')]')' during 10 seconds\r\n\tat com.epam.jdi.light.common.Exceptions.exception(Exceptions.java:35)\r\n\tat com.epam.jdi.light.actions.ActionHelper.actionFailed(ActionHelper.java:413)\r\n\tat com.jdiai.tools.func.JFunc2.execute(JFunc2.java:19)\r\n\tat com.epam.jdi.light.actions.ActionProcessor.jdiAround(ActionProcessor.java:55)\r\n\tat com.epam.jdi.light.elements.common.UIElement.attr(UIElement.java:821)\r\n\tat com.epam.jdi.light.elements.common.UIElement.classes_aroundBody130(UIElement.java:538)\r\n\tat com.epam.jdi.light.elements.common.UIElement$AjcClosure131.run(UIElement.java:1)\r\n\tat org.aspectj.runtime.reflect.JoinPointImpl.proceed(JoinPointImpl.java:179)\r\n\tat com.epam.jdi.light.actions.ActionObject.execute(ActionObject.java:61)\r\n\tat com.epam.jdi.light.actions.ActionHelper.invokeAction(ActionHelper.java:705)\r\n\tat com.epam.jdi.light.actions.ActionHelper.defaultAction(ActionHelper.java:670)\r\n\tat com.epam.jdi.light.actions.ActionProcessor.jdiAround(ActionProcessor.java:49)\r\n\t... 98 more\r\nCaused by: java.lang.RuntimeException: \nCan't find Element 'LoginPage.signInButtonBottom (xpath='//*[@data-id='sign-in-form']// *[contains(@class, 'btn-primary')]')' during 10 seconds\r\n\tat com.epam.jdi.light.common.Exceptions.exception(Exceptions.java:35)\r\n\tat com.epam.jdi.light.actions.ActionHelper.actionFailed(ActionHelper.java:413)\r\n\tat com.jdiai.tools.func.JFunc2.execute(JFunc2.java:19)\r\n\tat com.epam.jdi.light.actions.ActionProcessor.jdiAround(ActionProcessor.java:55)\r\n\tat com.epam.jdi.light.elements.common.UIElement.getAttribute(UIElement.java:176)\r\n\tat com.epam.jdi.light.elements.common.UIElement.getAttribute_aroundBody218(UIElement.java:821)\r\n\tat com.epam.jdi.light.elements.common.UIElement$AjcClosure219.run(UIElement.java:1)\r\n\tat org.aspectj.runtime.reflect.JoinPointImpl.proceed(JoinPointImpl.java:179)\r\n\tat com.epam.jdi.light.actions.ActionObject.execute(ActionObject.java:61)\r\n\tat com.epam.jdi.light.actions.ActionHelper.invokeAction(ActionHelper.java:705)\r\n\tat com.epam.jdi.light.actions.ActionHelper.defaultAction(ActionHelper.java:670)\r\n\tat com.epam.jdi.light.actions.ActionProcessor.jdiAround(ActionProcessor.java:49)\r\n\t... 106 more\r\nCaused by: java.lang.RuntimeException: \njava.lang.RuntimeException: \r\nCan't find Element 'LoginPage.signInButtonBottom (xpath='//*[@data-id='sign-in-form']// *[contains(@class, 'btn-primary')]')' during 10 seconds\r\n\tat com.epam.jdi.light.common.Exceptions.exception(Exceptions.java:35)\r\n\tat com.epam.jdi.light.actions.ActionProcessor.debugAround(ActionProcessor.java:74)\r\n\tat com.epam.jdi.light.elements.base.JDIBase.getWebElement(JDIBase.java:247)\r\n\tat com.epam.jdi.light.elements.common.UIElement.getAttribute_aroundBody12(UIElement.java:177)\r\n\tat com.epam.jdi.light.elements.common.UIElement$AjcClosure13.run(UIElement.java:1)\r\n\tat org.aspectj.runtime.reflect.JoinPointImpl.proceed(JoinPointImpl.java:179)\r\n\tat com.epam.jdi.light.actions.ActionObject.execute(ActionObject.java:61)\r\n\tat com.epam.jdi.light.actions.ActionHelper.invokeAction(ActionHelper.java:705)\r\n\tat com.epam.jdi.light.actions.ActionHelper.defaultAction(ActionHelper.java:670)\r\n\tat com.epam.jdi.light.actions.ActionProcessor.jdiAround(ActionProcessor.java:49)\r\n\t... 114 more\r\nCaused by: java.lang.RuntimeException: java.lang.RuntimeException: \r\nCan't find Element 'LoginPage.signInButtonBottom (xpath='//*[@data-id='sign-in-form']// *[contains(@class, 'btn-primary')]')' during 10 seconds\r\n\tat com.jdiai.tools.func.JFunc2.execute(JFunc2.java:21)\r\n\tat com.epam.jdi.light.elements.base.JDIBase.getWebElement_aroundBody6(JDIBase.java:248)\r\n\tat com.epam.jdi.light.elements.base.JDIBase$AjcClosure7.run(JDIBase.java:1)\r\n\tat org.aspectj.runtime.reflect.JoinPointImpl.proceed(JoinPointImpl.java:179)\r\n\tat com.epam.jdi.light.actions.ActionProcessor.debugAround(ActionProcessor.java:69)\r\n\t... 122 more\r\nCaused by: java.lang.RuntimeException: \r\nCan't find Element 'LoginPage.signInButtonBottom (xpath='//*[@data-id='sign-in-form']// *[contains(@class, 'btn-primary')]')' during 10 seconds\r\n\tat com.epam.jdi.light.common.Exceptions.runtimeException(Exceptions.java:17)\r\n\tat com.epam.jdi.light.elements.base.JdiSettings.filterWebListToWebElement(JdiSettings.java:78)\r\n\tat com.epam.jdi.light.elements.base.JdiSettings.getWithArgs(JdiSettings.java:72)\r\n\tat com.jdiai.tools.func.JFunc2.execute(JFunc2.java:19)\r\n\t... 126 more\r\n"},"stage":"finished","description":"Login, check storage, logout","steps":[{"name":"Open 'Login Page'(url=https://www.linkedin.com/)","status":"passed","stage":"finished","steps":[{"name":"Open 'Login Page'(url=https://www.linkedin.com/)","status":"passed","stage":"finished","steps":[],"attachments":[],"parameters":[],"start":1708028250501,"stop":1708028251203}],"attachments":[{"name":"Details","source":"2f633472-a513-42fc-bace-149da7a68ad8-attachment.html","type":"text/plain"}],"parameters":[],"start":1708028250474,"stop":1708028251203},{"name":"Assert that 'Login Page Logo' is displayed","status":"passed","stage":"finished","steps":[{"name":"Check that 'Login Page Logo' is displayed","status":"passed","stage":"finished","steps":[],"attachments":[{"name":"Actual result","source":"b8f5fb73-ffad-4074-ae16-cfb7b70cb731-attachment.html","type":"text/plain"}],"parameters":[],"start":1708028251388,"stop":1708028251510}],"attachments":[{"name":"Details","source":"24cc5429-1be0-4494-a6c1-6611414e8dcc-attachment.html","type":"text/plain"}],"parameters":[],"start":1708028251306,"stop":1708028251515},{"name":"Assert that 'Sign In Button Top' is displayed","status":"passed","stage":"finished","steps":[{"name":"Check that 'Sign In Button Top' is displayed","status":"passed","stage":"finished","steps":[],"attachments":[{"name":"Actual result","source":"bc52b4c1-9701-4239-9714-8d22ab298318-attachment.html","type":"text/plain"}],"parameters":[],"start":1708028251551,"stop":1708028251667}],"attachments":[{"name":"Details","source":"c55d78a5-33f2-4ca2-a6ae-f57775e1847f-attachment.html","type":"text/plain"}],"parameters":[],"start":1708028251524,"stop":1708028251668},{"name":"Click on 'Sign In Button'","status":"passed","stage":"finished","steps":[{"name":"Click on 'Sign In Button'","status":"passed","stage":"finished","steps":[{"name":"Check that 'Sign In Button' is disabled","status":"passed","stage":"finished","steps":[],"attachments":[{"name":"Actual result","source":"07b378fd-fc46-4a10-8ffc-8b5d46031ba4-attachment.html","type":"text/plain"}],"parameters":[],"start":1708028251712,"stop":1708028252183}],"attachments":[],"parameters":[],"start":1708028251685,"stop":1708028253101}],"attachments":[{"name":"Details","source":"8c70f424-4aa9-40fa-bfb1-5bb02091e5fd-attachment.html","type":"text/plain"}],"parameters":[],"start":1708028251672,"stop":1708028253101},{"name":"Input 'serhiyudovychenko@gmail.com' in 'Username Field'","status":"passed","stage":"finished","steps":[],"attachments":[{"name":"Details","source":"d3426b57-12c6-45a3-b675-074798d87345-attachment.html","type":"text/plain"}],"parameters":[],"start":1708028253109,"stop":1708028253313},{"name":"Input '315143rR_315143' in 'Username Password'","status":"passed","stage":"finished","steps":[],"attachments":[{"name":"Details","source":"e69e2887-70dd-47b7-9d5d-9f0c171947ba-attachment.html","type":"text/plain"}],"parameters":[],"start":1708028253316,"stop":1708028253452},{"name":"Click on 'Sign In Button Bottom'","stage":"running","steps":[{"name":"Click on 'Sign In Button Bottom'","stage":"finished","steps":[{"name":"Check that 'Sign In Button Bottom' is disabled","stage":"finished","steps":[],"attachments":[],"parameters":[],"start":1708028253479,"stop":1708028253565}],"attachments":[],"parameters":[],"start":1708028253464,"stop":1708028253571},{"name":"Show","status":"passed","stage":"finished","steps":[],"attachments":[],"parameters":[],"start":1708028263533,"stop":1708028263561},{"name":"Failure details","stage":"finished","steps":[],"attachments":[{"name":"Screenshot","source":"f8b06f40-d95c-4873-8a74-4ba204dc4059-attachment"}],"parameters":[],"start":1708028263965,"stop":1708028263968}],"attachments":[{"name":"Details","source":"3391472f-4e6e-4041-a6ae-5b482e8192e8-attachment.html","type":"text/plain"}],"parameters":[],"start":1708028253455}],"attachments":[],"parameters":[],"start":1708028250467,"stop":1708028263988,"uuid":"88ed4e92-d1e1-4b67-82f8-a41219f89767","historyId":"ef1f79068718d2d9747aecaa97fc3883","fullName":"ui.account.LoginTest.loginTest","labels":[{"name":"package","value":"ui.account.LoginTest"},{"name":"testClass","value":"ui.account.LoginTest"},{"name":"testMethod","value":"loginTest"},{"name":"parentSuite","value":"Default Suite"},{"name":"suite","value":"demo"},{"name":"subSuite","value":"ui.account.LoginTest"},{"name":"host","value":"DESKTOP-MKPI7FM"},{"name":"thread","value":"5456@DESKTOP-MKPI7FM.main(1)"},{"name":"framework","value":"testng"},{"name":"language","value":"java"},{"name":"story","value":"Sign up and login flow"},{"name":"severity","value":"critical"}],"links":[]}