{"name":"loginTest","status":"failed","statusDetails":{"known":false,"muted":false,"flaky":false,"message":"\n[53:20.472] Failed to execute 'IsAssert.displayed' for element 'Logo(css='.nav-logo')' during '10' seconds. 53:19.911 \r\nExpected: is \"displayed\"\r\n     but: was \"hidden\"","trace":"java.lang.AssertionError: \n[53:20.472] Failed to execute 'IsAssert.displayed' for element 'Logo(css='.nav-logo')' during '10' seconds. 53:19.911 \r\nExpected: is \"displayed\"\r\n     but: was \"hidden\"\r\n\tat com.epam.jdi.light.common.Exceptions.exception(Exceptions.java:32)\r\n\tat com.epam.jdi.light.actions.ActionHelper.actionFailed(ActionHelper.java:413)\r\n\tat com.jdiai.tools.func.JFunc2.execute(JFunc2.java:19)\r\n\tat com.epam.jdi.light.actions.ActionProcessor.jdiAround(ActionProcessor.java:55)\r\n\tat com.epam.jdi.light.asserts.generic.UIAssert.displayed(UIAssert.java:27)\r\n\tat ui.pages.HomePage.verifyHomePageOpened(HomePage.java:22)\r\n\tat ui.account.LoginTest.loginTest(LoginTest.java:21)\r\n\tat java.base/jdk.internal.reflect.DirectMethodHandleAccessor.invoke(DirectMethodHandleAccessor.java:103)\r\n\tat java.base/java.lang.reflect.Method.invoke(Method.java:580)\r\n\tat org.testng.internal.invokers.MethodInvocationHelper.invokeMethod(MethodInvocationHelper.java:139)\r\n\tat org.testng.internal.invokers.TestInvoker.invokeMethod(TestInvoker.java:664)\r\n\tat org.testng.internal.invokers.TestInvoker.invokeTestMethod(TestInvoker.java:228)\r\n\tat org.testng.internal.invokers.MethodRunner.runInSequence(MethodRunner.java:63)\r\n\tat org.testng.internal.invokers.TestInvoker$MethodInvocationAgent.invoke(TestInvoker.java:961)\r\n\tat org.testng.internal.invokers.TestInvoker.invokeTestMethods(TestInvoker.java:201)\r\n\tat org.testng.internal.invokers.TestMethodWorker.invokeTestMethods(TestMethodWorker.java:148)\r\n\tat org.testng.internal.invokers.TestMethodWorker.run(TestMethodWorker.java:128)\r\n\tat java.base/java.util.ArrayList.forEach(ArrayList.java:1596)\r\n\tat org.testng.TestRunner.privateRun(TestRunner.java:819)\r\n\tat org.testng.TestRunner.run(TestRunner.java:619)\r\n\tat org.testng.SuiteRunner.runTest(SuiteRunner.java:443)\r\n\tat org.testng.SuiteRunner.runSequentially(SuiteRunner.java:437)\r\n\tat org.testng.SuiteRunner.privateRun(SuiteRunner.java:397)\r\n\tat org.testng.SuiteRunner.run(SuiteRunner.java:336)\r\n\tat org.testng.SuiteRunnerWorker.runSuite(SuiteRunnerWorker.java:52)\r\n\tat org.testng.SuiteRunnerWorker.run(SuiteRunnerWorker.java:95)\r\n\tat org.testng.TestNG.runSuitesSequentially(TestNG.java:1301)\r\n\tat org.testng.TestNG.runSuitesLocally(TestNG.java:1228)\r\n\tat org.testng.TestNG.runSuites(TestNG.java:1134)\r\n\tat org.testng.TestNG.run(TestNG.java:1101)\r\n\tat com.intellij.rt.testng.IDEARemoteTestNG.run(IDEARemoteTestNG.java:65)\r\n\tat com.intellij.rt.testng.RemoteTestNGStarter.main(RemoteTestNGStarter.java:105)\r\nCaused by: java.lang.AssertionError: \nFailed to execute 'IsAssert.displayed' for element 'Logo(css='.nav-logo')' during '10' seconds. 53:19.911 \r\nExpected: is \"displayed\"\r\n     but: was \"hidden\"\r\n\tat com.epam.jdi.light.common.Exceptions.exception(Exceptions.java:32)\r\n\tat com.epam.jdi.light.actions.ActionHelper.stableAction(ActionHelper.java:695)\r\n\tat com.epam.jdi.light.actions.ActionProcessor.jdiAround(ActionProcessor.java:48)\r\n\t... 28 more\r\nCaused by: java.lang.AssertionError: 53:19.911 \r\nExpected: is \"displayed\"\r\n     but: was \"hidden\"\r\n\tat com.epam.jdi.light.asserts.core.SoftAssert.jdiAssert(SoftAssert.java:48)\r\n\tat com.epam.jdi.light.asserts.core.SoftAssert.jdiAssert(SoftAssert.java:59)\r\n\tat com.epam.jdi.light.asserts.generic.UIAssert.displayed_aroundBody2(UIAssert.java:28)\r\n\tat com.epam.jdi.light.asserts.generic.UIAssert$AjcClosure3.run(UIAssert.java:1)\r\n\tat org.aspectj.runtime.reflect.JoinPointImpl.proceed(JoinPointImpl.java:179)\r\n\tat com.epam.jdi.light.actions.ActionObject.execute(ActionObject.java:61)\r\n\tat com.epam.jdi.light.actions.ActionHelper.invokeAction(ActionHelper.java:705)\r\n\tat com.epam.jdi.light.actions.ActionHelper.stableAction(ActionHelper.java:693)\r\n\t... 29 more\r\n"},"stage":"finished","description":"Login, check storage, logout","steps":[{"name":"Open 'Home Page'(url=https://www.linkedin.com/)","status":"passed","stage":"finished","steps":[],"attachments":[],"parameters":[],"start":1708026788968,"stop":1708026789757},{"name":"Assert that 'Logo' is displayed","stage":"running","steps":[{"name":"Check that 'Logo' is displayed","status":"passed","stage":"finished","steps":[],"attachments":[{"name":"Actual result","source":"cdc7e4d1-1a57-44cf-bba3-d21a0d174431-attachment.html","type":"text/plain"}],"parameters":[],"start":1708026789900,"stop":1708026789958},{"name":"Failure details","stage":"finished","steps":[],"attachments":[{"name":"Screenshot","source":"358e6406-4514-47da-ba40-494d8eadb304-attachment"}],"parameters":[],"start":1708026800457,"stop":1708026800460}],"attachments":[{"name":"Details","source":"edba2a8f-3a31-4b21-8e39-0f9b36e85b68-attachment.html","type":"text/plain"}],"parameters":[],"start":1708026789861}],"attachments":[],"parameters":[],"start":1708026788947,"stop":1708026800479,"uuid":"c23ddc77-23ae-49d7-9e38-bf5421df7700","historyId":"ef1f79068718d2d9747aecaa97fc3883","fullName":"ui.account.LoginTest.loginTest","labels":[{"name":"package","value":"ui.account.LoginTest"},{"name":"testClass","value":"ui.account.LoginTest"},{"name":"testMethod","value":"loginTest"},{"name":"parentSuite","value":"Default Suite"},{"name":"suite","value":"demo"},{"name":"subSuite","value":"ui.account.LoginTest"},{"name":"host","value":"DESKTOP-MKPI7FM"},{"name":"thread","value":"7884@DESKTOP-MKPI7FM.main(1)"},{"name":"framework","value":"testng"},{"name":"language","value":"java"},{"name":"story","value":"Sign up and login flow"},{"name":"severity","value":"critical"}],"links":[]}