<!DOCTYPE html>
<html>
<head>
<meta http-equiv="Content-Type" content="text/html; charset=utf-8"/>
<meta http-equiv="x-ua-compatible" content="IE=edge"/>
<title>Test results - Class ui.account.LoginTest</title>
<link href="../css/base-style.css" rel="stylesheet" type="text/css"/>
<link href="../css/style.css" rel="stylesheet" type="text/css"/>
<script src="../js/report.js" type="text/javascript"></script>
</head>
<body>
<div id="content">
<h1>Class ui.account.LoginTest</h1>
<div class="breadcrumbs">
<a href="../index.html">all</a> &gt; 
<a href="../packages/ui.account.html">ui.account</a> &gt; LoginTest</div>
<div id="summary">
<table>
<tr>
<td>
<div class="summaryGroup">
<table>
<tr>
<td>
<div class="infoBox" id="tests">
<div class="counter">1</div>
<p>tests</p>
</div>
</td>
<td>
<div class="infoBox" id="failures">
<div class="counter">1</div>
<p>failures</p>
</div>
</td>
<td>
<div class="infoBox" id="ignored">
<div class="counter">0</div>
<p>ignored</p>
</div>
</td>
<td>
<div class="infoBox" id="duration">
<div class="counter">16.820s</div>
<p>duration</p>
</div>
</td>
</tr>
</table>
</div>
</td>
<td>
<div class="infoBox failures" id="successRate">
<div class="percent">0%</div>
<p>successful</p>
</div>
</td>
</tr>
</table>
</div>
<div id="tabs">
<ul class="tabLinks">
<li>
<a href="#tab0">Failed tests</a>
</li>
<li>
<a href="#tab1">Tests</a>
</li>
<li>
<a href="#tab2">Standard output</a>
</li>
</ul>
<div id="tab0" class="tab">
<h2>Failed tests</h2>
<div class="test">
<a name="loginTest"></a>
<h3 class="failures">loginTest</h3>
<span class="code">
<pre>java.lang.RuntimeException: [32:51.487] Failed to execute 'UIElement.getText' for element 'Welcome Block' during '10' seconds. Search rules failed for element. Please check base().searchRules() for element or in global settings(JDISettings.ELEMENT.searchRule)
	at com.epam.jdi.light.common.Exceptions.exception(Exceptions.java:31)
	at com.epam.jdi.light.actions.ActionHelper.actionFailed(ActionHelper.java:374)
	at com.epam.jdi.tools.func.JFunc2.execute(JFunc2.java:19)
	at com.epam.jdi.light.actions.ActionProcessor.jdiAround(ActionProcessor.java:54)
	at com.epam.jdi.light.elements.common.UIElement.getText(UIElement.java:188)
	at ui.account.LoginTest.loginTest(LoginTest.java:60)
	at java.base/jdk.internal.reflect.NativeMethodAccessorImpl.invoke0(Native Method)
	at java.base/jdk.internal.reflect.NativeMethodAccessorImpl.invoke(NativeMethodAccessorImpl.java:62)
	at java.base/jdk.internal.reflect.DelegatingMethodAccessorImpl.invoke(DelegatingMethodAccessorImpl.java:43)
	at java.base/java.lang.reflect.Method.invoke(Method.java:566)
	at org.testng.internal.MethodInvocationHelper.invokeMethod(MethodInvocationHelper.java:134)
	at org.testng.internal.TestInvoker.invokeMethod(TestInvoker.java:597)
	at org.testng.internal.TestInvoker.invokeTestMethod(TestInvoker.java:173)
	at org.testng.internal.MethodRunner.runInSequence(MethodRunner.java:46)
	at org.testng.internal.TestInvoker$MethodInvocationAgent.invoke(TestInvoker.java:816)
	at org.testng.internal.TestInvoker.invokeTestMethods(TestInvoker.java:146)
	at org.testng.internal.TestMethodWorker.invokeTestMethods(TestMethodWorker.java:146)
	at org.testng.internal.TestMethodWorker.run(TestMethodWorker.java:128)
	at java.base/java.util.ArrayList.forEach(ArrayList.java:1541)
	at org.testng.TestRunner.privateRun(TestRunner.java:766)
	at org.testng.TestRunner.run(TestRunner.java:587)
	at org.testng.SuiteRunner.runTest(SuiteRunner.java:384)
	at org.testng.SuiteRunner.runSequentially(SuiteRunner.java:378)
	at org.testng.SuiteRunner.privateRun(SuiteRunner.java:337)
	at org.testng.SuiteRunner.run(SuiteRunner.java:286)
	at org.testng.SuiteRunnerWorker.runSuite(SuiteRunnerWorker.java:53)
	at org.testng.SuiteRunnerWorker.run(SuiteRunnerWorker.java:96)
	at org.testng.TestNG.runSuitesSequentially(TestNG.java:1187)
	at org.testng.TestNG.runSuitesLocally(TestNG.java:1109)
	at org.testng.TestNG.runSuites(TestNG.java:1039)
	at org.testng.TestNG.run(TestNG.java:1007)
	at org.gradle.api.internal.tasks.testing.testng.TestNGTestClassProcessor.runTests(TestNGTestClassProcessor.java:141)
	at org.gradle.api.internal.tasks.testing.testng.TestNGTestClassProcessor.stop(TestNGTestClassProcessor.java:90)
	at org.gradle.api.internal.tasks.testing.SuiteTestClassProcessor.stop(SuiteTestClassProcessor.java:61)
	at java.base/jdk.internal.reflect.NativeMethodAccessorImpl.invoke0(Native Method)
	at java.base/jdk.internal.reflect.NativeMethodAccessorImpl.invoke(NativeMethodAccessorImpl.java:62)
	at java.base/jdk.internal.reflect.DelegatingMethodAccessorImpl.invoke(DelegatingMethodAccessorImpl.java:43)
	at java.base/java.lang.reflect.Method.invoke(Method.java:566)
	at org.gradle.internal.dispatch.ReflectionDispatch.dispatch(ReflectionDispatch.java:36)
	at org.gradle.internal.dispatch.ReflectionDispatch.dispatch(ReflectionDispatch.java:24)
	at org.gradle.internal.dispatch.ContextClassLoaderDispatch.dispatch(ContextClassLoaderDispatch.java:33)
	at org.gradle.internal.dispatch.ProxyDispatchAdapter$DispatchingInvocationHandler.invoke(ProxyDispatchAdapter.java:94)
	at com.sun.proxy.$Proxy2.stop(Unknown Source)
	at org.gradle.api.internal.tasks.testing.worker.TestWorker.stop(TestWorker.java:135)
	at java.base/jdk.internal.reflect.NativeMethodAccessorImpl.invoke0(Native Method)
	at java.base/jdk.internal.reflect.NativeMethodAccessorImpl.invoke(NativeMethodAccessorImpl.java:62)
	at java.base/jdk.internal.reflect.DelegatingMethodAccessorImpl.invoke(DelegatingMethodAccessorImpl.java:43)
	at java.base/java.lang.reflect.Method.invoke(Method.java:566)
	at org.gradle.internal.dispatch.ReflectionDispatch.dispatch(ReflectionDispatch.java:36)
	at org.gradle.internal.dispatch.ReflectionDispatch.dispatch(ReflectionDispatch.java:24)
	at org.gradle.internal.remote.internal.hub.MessageHubBackedObjectConnection$DispatchWrapper.dispatch(MessageHubBackedObjectConnection.java:182)
	at org.gradle.internal.remote.internal.hub.MessageHubBackedObjectConnection$DispatchWrapper.dispatch(MessageHubBackedObjectConnection.java:164)
	at org.gradle.internal.remote.internal.hub.MessageHub$Handler.run(MessageHub.java:414)
	at org.gradle.internal.concurrent.ExecutorPolicy$CatchAndRecordFailures.onExecute(ExecutorPolicy.java:64)
	at org.gradle.internal.concurrent.ManagedExecutorImpl$1.run(ManagedExecutorImpl.java:48)
	at java.base/java.util.concurrent.ThreadPoolExecutor.runWorker(ThreadPoolExecutor.java:1128)
	at java.base/java.util.concurrent.ThreadPoolExecutor$Worker.run(ThreadPoolExecutor.java:628)
	at org.gradle.internal.concurrent.ThreadFactoryImpl$ManagedThreadRunnable.run(ThreadFactoryImpl.java:56)
	at java.base/java.lang.Thread.run(Thread.java:834)
Caused by: java.lang.RuntimeException: Failed to execute 'UIElement.getText' for element 'Welcome Block' during '10' seconds. Search rules failed for element. Please check base().searchRules() for element or in global settings(JDISettings.ELEMENT.searchRule)
	at com.epam.jdi.light.common.Exceptions.exception(Exceptions.java:31)
	at com.epam.jdi.light.actions.ActionHelper.stableAction(ActionHelper.java:624)
	at com.epam.jdi.light.actions.ActionProcessor.jdiAround(ActionProcessor.java:47)
	... 55 more
Caused by: java.lang.RuntimeException: Search rules failed for element. Please check base().searchRules() for element or in global settings(JDISettings.ELEMENT.searchRule)
	at com.epam.jdi.light.common.Exceptions.exception(Exceptions.java:31)
	at com.epam.jdi.light.actions.ActionHelper.actionFailed(ActionHelper.java:374)
	at com.epam.jdi.tools.func.JFunc2.execute(JFunc2.java:19)
	at com.epam.jdi.light.actions.ActionProcessor.jdiAround(ActionProcessor.java:54)
	at com.epam.jdi.light.elements.common.UIElement.getText_aroundBody20(UIElement.java:189)
	at com.epam.jdi.light.elements.common.UIElement$AjcClosure21.run(UIElement.java:1)
	at org.aspectj.runtime.reflect.JoinPointImpl.proceed(JoinPointImpl.java:167)
	at com.epam.jdi.light.actions.ActionObject.execute(ActionObject.java:60)
	at com.epam.jdi.light.actions.ActionHelper.stableAction(ActionHelper.java:613)
	... 56 more
Caused by: java.lang.RuntimeException: Search rules failed for element. Please check base().searchRules() for element or in global settings(JDISettings.ELEMENT.searchRule)
	at com.epam.jdi.light.common.Exceptions.exception(Exceptions.java:31)
	at com.epam.jdi.light.actions.ActionHelper.actionFailed(ActionHelper.java:374)
	at com.epam.jdi.tools.func.JFunc2.execute(JFunc2.java:19)
	at com.epam.jdi.light.actions.ActionProcessor.jdiAround(ActionProcessor.java:54)
	at com.epam.jdi.light.elements.common.UIElement.text(UIElement.java:702)
	at com.epam.jdi.light.elements.common.UIElement.text_aroundBody18(UIElement.java:189)
	at com.epam.jdi.light.elements.common.UIElement$AjcClosure19.run(UIElement.java:1)
	at org.aspectj.runtime.reflect.JoinPointImpl.proceed(JoinPointImpl.java:167)
	at com.epam.jdi.light.actions.ActionObject.execute(ActionObject.java:60)
	at com.epam.jdi.light.actions.ActionHelper.defaultAction(ActionHelper.java:601)
	at com.epam.jdi.light.actions.ActionProcessor.jdiAround(ActionProcessor.java:48)
	... 61 more
Caused by: java.lang.RuntimeException: java.lang.RuntimeException: java.lang.RuntimeException: java.lang.RuntimeException: Search rules failed for element. Please check base().searchRules() for element or in global settings(JDISettings.ELEMENT.searchRule)
	at com.epam.jdi.tools.Timer.throwException(Timer.java:114)
	at com.epam.jdi.tools.Timer.getResultByCondition(Timer.java:158)
	at com.epam.jdi.tools.Timer.getResult(Timer.java:144)
	at com.epam.jdi.light.elements.common.UIElement.text_aroundBody208(UIElement.java:703)
	at com.epam.jdi.light.elements.common.UIElement$AjcClosure209.run(UIElement.java:1)
	at org.aspectj.runtime.reflect.JoinPointImpl.proceed(JoinPointImpl.java:167)
	at com.epam.jdi.light.actions.ActionObject.execute(ActionObject.java:60)
	at com.epam.jdi.light.actions.ActionHelper.defaultAction(ActionHelper.java:601)
	at com.epam.jdi.light.actions.ActionProcessor.jdiAround(ActionProcessor.java:48)
	... 68 more
</pre>
</span>
</div>
</div>
<div id="tab1" class="tab">
<h2>Tests</h2>
<table>
<thead>
<tr>
<th>Test</th>
<th>Duration</th>
<th>Result</th>
</tr>
</thead>
<tr>
<td class="failures">loginTest</td>
<td class="failures">16.820s</td>
<td class="failures">failed</td>
</tr>
</table>
</div>
<div id="tab2" class="tab">
<h2>Standard output</h2>
<span class="code">
<pre>[16:32:34] STEP  &gt; Open 'Home Page'(url=https://www.demoblaze.com/)
[16:32:34] STEP  &gt; Assert that 'Sign Up Button' is displayed
[16:32:35] STEP  &gt; Click on 'Sign Up Button'
[16:32:35] STEP  &gt; Input 'qa test20150' in 'Username Field'
[16:32:35] STEP  &gt; Input 'password123' in 'Username Password'
[16:32:36] STEP  &gt; Click on 'Sign Up Button'
[16:32:36] STEP  &gt; Assert equals (expected: Sign up successful., actual: Sign up successful.)
[16:32:36] STEP  &gt; Click on 'Sign Up Button'
[16:32:37] STEP  &gt; Assert that 'Sign Up Button' is displayed
[16:32:37] STEP  &gt; Input 'qa test20150' in 'Username Field'
[16:32:37] STEP  &gt; Input 'password123' in 'Username Password'
[16:32:37] STEP  &gt; Click on 'Sign Up Button'
[16:32:38] STEP  &gt; Assert equals (expected: This user already exist., actual: This user already exist.)
[16:32:38] STEP  &gt; Click on 'Close Button'
[16:32:39] STEP  &gt; Click on 'Login Button'
[16:32:39] STEP  &gt; Input 'qa test20150' in 'Username Field'
[16:32:39] STEP  &gt; Input 'password123' in 'Username Password'
[16:32:40] STEP  &gt; Click on 'Login Button'
[16:32:40] STEP  &gt; Get 'Welcome Block' text
[16:32:50] ERROR &gt; !&gt;&gt;&gt; HomePage.welcomeBlock (css='#nameofuser')
[16:32:51] INFO  &gt; Screenshot: C:\Users\user5\automation\blaze\target\.logs\screens\2021-12-13-16-32-51FailedGetText.jpg
[16:32:51] ERROR &gt; Url: https://www.demoblaze.com/
[16:32:51] ERROR &gt; Failed actions chain: UIElement.getText() &gt; UIElement.text(TextTypes:'SMART_TEXT') &gt; UIElement.text(TextTypes:'TEXT')
</pre>
</span>
</div>
</div>
<div id="footer">
<p>
<div>
<label class="hidden" id="label-for-line-wrapping-toggle" for="line-wrapping-toggle">Wrap lines
<input id="line-wrapping-toggle" type="checkbox" autocomplete="off"/>
</label>
</div>Generated by 
<a href="http://www.gradle.org">Gradle 7.1.1</a> at Dec 13, 2021, 4:33:28 PM</p>
</div>
</div>
</body>
</html>
